Arguments: 
  C:\Program Files\nodejs\node.exe C:\Users\Admin\AppData\Roaming\npm\node_modules\yarn\bin\yarn.js add bscryptjs

PATH: 
  C:\Users\Admin\AppData\Roaming\Microsoft\Windows\Start Menu\Programs\Python 3.9;C:\Python39\Scripts\;C:\Python39\;C:\Windows\system32;C:\Windows;C:\Windows\System32\Wbem;C:\Windows\System32\WindowsPowerShell\v1.0\;C:\Windows\System32\OpenSSH\;C:\Program Files (x86)\Intel\Intel(R) Management Engine Components\DAL;C:\Program Files\Intel\Intel(R) Management Engine Components\DAL;C:\Program Files (x86)\NVIDIA Corporation\PhysX\Common;C:\WINDOWS\system32;C:\WINDOWS;C:\WINDOWS\System32\Wbem;C:\WINDOWS\System32\WindowsPowerShell\v1.0\;C:\WINDOWS\System32\OpenSSH\;C:\Program Files\Microsoft SQL Server\130\Tools\Binn\;C:\Program Files\Microsoft SQL Server\Client SDK\ODBC\170\Tools\Binn\;c:\Program Files (x86)\Microsoft SQL Server\100\Tools\Binn\;c:\Program Files\Microsoft SQL Server\100\Tools\Binn\;c:\Program Files\Microsoft SQL Server\100\DTS\Binn\;C:\ProgramData\chocolatey\bin;C:\Program Files (x86)\Microsoft SQL Server\150\Tools\Binn\;C:\Program Files\Microsoft SQL Server\150\Tools\Binn\;C:\Program Files\Microsoft SQL Server\150\DTS\Binn\;c:\Program Files (x86)\Microsoft SQL Server\100\Tools\Binn\VSShell\Common7\IDE\;c:\Program Files (x86)\Microsoft SQL Server\100\DTS\Binn\;C:\Program Files\NVIDIA Corporation\NVIDIA NvDLISR;C:\WINDOWS\system32;C:\WINDOWS;C:\WINDOWS\System32\Wbem;C:\WINDOWS\System32\WindowsPowerShell\v1.0\;C:\WINDOWS\System32\OpenSSH\;C:\Program Files\Git\cmd;C:\Program Files\Docker\Docker\resources\bin;C:\ProgramData\DockerDesktop\version-bin;C:\Program Files\nodejs\;C:\Program Files\dotnet\;c:\Program Files (x86)\Microsoft ASP.NET\ASP.NET Web Pages\v1.0\;C:\Users\Admin\AppData\Roaming\Microsoft\Windows\Start Menu\Programs\Python 3.9\Scripts;C:\Program Files\MySQL\MySQL Shell 8.0\bin\;C:\Users\Admin\AppData\Local\Microsoft\WindowsApps;C:\Users\Admin\AppData\Local\Programs\Microsoft VS Code\bin;C:\Users\Admin\AppData\Roaming\npm;C:\Users\Admin\.dotnet\tools

Yarn version: 
  1.22.18

Node version: 
  16.13.2

Platform: 
  win32 x64

Trace: 
  Error: https://registry.yarnpkg.com/bscryptjs: Not found
      at Request.params.callback [as _callback] (C:\Users\Admin\AppData\Roaming\npm\node_modules\yarn\lib\cli.js:66138:18)
      at Request.self.callback (C:\Users\Admin\AppData\Roaming\npm\node_modules\yarn\lib\cli.js:140883:22)
      at Request.emit (node:events:390:28)
      at Request.<anonymous> (C:\Users\Admin\AppData\Roaming\npm\node_modules\yarn\lib\cli.js:141855:10)
      at Request.emit (node:events:390:28)
      at IncomingMessage.<anonymous> (C:\Users\Admin\AppData\Roaming\npm\node_modules\yarn\lib\cli.js:141777:12)
      at Object.onceWrapper (node:events:509:28)
      at IncomingMessage.emit (node:events:402:35)
      at endReadableNT (node:internal/streams/readable:1343:12)
      at processTicksAndRejections (node:internal/process/task_queues:83:21)

npm manifest: 
  {
    "name": "movieapi",
    "version": "0.0.0",
    "private": true,
    "scripts": {
      "start": "node ./bin/www"
    },
    "dependencies": {
      "cookie-parser": "~1.4.4",
      "cors": "^2.8.5",
      "debug": "~2.6.9",
      "express": "~4.16.1",
      "fs": "^0.0.1-security",
      "http-errors": "~1.6.3",
      "init": "^0.1.2",
      "jade": "~1.11.0",
      "jsonwebtoken": "^8.5.1",
      "lowdb": "^3.0.0",
      "mariadb": "^3.0.0",
      "morgan": "^1.10.0",
      "mysql2": "^2.3.3",
      "nanoid": "^3.3.4",
      "path": "^0.12.7",
      "sequelize": "^6.20.0",
      "sequelize-cli": "^6.4.1",
      "swagger-jsdoc": "^6.2.1",
      "swagger-ui-express": "^4.4.0"
    }
  }

yarn manifest: 
  No manifest

Lockfile: 
  # THIS IS AN AUTOGENERATED FILE. DO NOT EDIT THIS FILE DIRECTLY.
  # yarn lockfile v1
  
  
  "@alloc/quick-lru@^5.2.0":
    "integrity" "sha512-UrcABB+4bUrFABwbluTIBErXwvbsU/V7TZWfmbgJfbkwiBuziS9gxdODUyuiecfdGQ85jglMW6juS3+z5TsKLw=="
    "resolved" "https://registry.npmjs.org/@alloc/quick-lru/-/quick-lru-5.2.0.tgz"
    "version" "5.2.0"
  
  "@apidevtools/json-schema-ref-parser@^9.0.6":
    "integrity" "sha512-GBD2Le9w2+lVFoc4vswGI/TjkNIZSVp7+9xPf+X3uidBfWnAeUWmquteSyt0+VCrhNMWj/FTABISQrD3Z/YA+w=="
    "resolved" "https://registry.npmjs.org/@apidevtools/json-schema-ref-parser/-/json-schema-ref-parser-9.0.9.tgz"
    "version" "9.0.9"
    dependencies:
      "@jsdevtools/ono" "^7.1.3"
      "@types/json-schema" "^7.0.6"
      "call-me-maybe" "^1.0.1"
      "js-yaml" "^4.1.0"
  
  "@apidevtools/openapi-schemas@^2.0.4":
    "integrity" "sha512-Zc1AlqrJlX3SlpupFGpiLi2EbteyP7fXmUOGup6/DnkRgjP9bgMM/ag+n91rsv0U1Gpz0H3VILA/o3bW7Ua6BQ=="
    "resolved" "https://registry.npmjs.org/@apidevtools/openapi-schemas/-/openapi-schemas-2.1.0.tgz"
    "version" "2.1.0"
  
  "@apidevtools/swagger-methods@^3.0.2":
    "integrity" "sha512-QAkD5kK2b1WfjDS/UQn/qQkbwF31uqRjPTrsCs5ZG9BQGAkjwvqGFjjPqAuzac/IYzpPtRzjCP1WrTuAIjMrXg=="
    "resolved" "https://registry.npmjs.org/@apidevtools/swagger-methods/-/swagger-methods-3.0.2.tgz"
    "version" "3.0.2"
  
  "@apidevtools/swagger-parser@10.0.2":
    "integrity" "sha512-JFxcEyp8RlNHgBCE98nwuTkZT6eNFPc1aosWV6wPcQph72TSEEu1k3baJD4/x1qznU+JiDdz8F5pTwabZh+Dhg=="
    "resolved" "https://registry.npmjs.org/@apidevtools/swagger-parser/-/swagger-parser-10.0.2.tgz"
    "version" "10.0.2"
    dependencies:
      "@apidevtools/json-schema-ref-parser" "^9.0.6"
      "@apidevtools/openapi-schemas" "^2.0.4"
      "@apidevtools/swagger-methods" "^3.0.2"
      "@jsdevtools/ono" "^7.1.3"
      "call-me-maybe" "^1.0.1"
      "z-schema" "^4.2.3"
  
  "@jsdevtools/ono@^7.1.3":
    "integrity" "sha512-4JQNk+3mVzK3xh2rqd6RB4J46qUR19azEHBneZyTZM+c456qOrbbM/5xcR8huNCCcbVt7+UmizG6GuUvPvKUYg=="
    "resolved" "https://registry.npmjs.org/@jsdevtools/ono/-/ono-7.1.3.tgz"
    "version" "7.1.3"
  
  "@types/debug@^4.1.7":
    "integrity" "sha512-9AonUzyTjXXhEOa0DnqpzZi6VHlqKMswga9EXjpXnnqxwLtdvPPtlO8evrI5D9S6asFRCQ6v+wpiUKbw+vKqyg=="
    "resolved" "https://registry.npmjs.org/@types/debug/-/debug-4.1.7.tgz"
    "version" "4.1.7"
    dependencies:
      "@types/ms" "*"
  
  "@types/geojson@^7946.0.8":
    "integrity" "sha512-1rkryxURpr6aWP7R786/UQOkJ3PcpQiWkAXBmdWc7ryFWqN6a4xfK7BtjXvFBKO9LjQ+MWQSWxYeZX1OApnArA=="
    "resolved" "https://registry.npmjs.org/@types/geojson/-/geojson-7946.0.8.tgz"
    "version" "7946.0.8"
  
  "@types/json-schema@^7.0.6":
    "integrity" "sha512-wOuvG1SN4Us4rez+tylwwwCV1psiNVOkJeM3AUWUNWg/jDQY2+HE/444y5gc+jBmRqASOm2Oeh5c1axHobwRKQ=="
    "resolved" "https://registry.npmjs.org/@types/json-schema/-/json-schema-7.0.11.tgz"
    "version" "7.0.11"
  
  "@types/ms@*":
    "integrity" "sha512-iiUgKzV9AuaEkZqkOLDIvlQiL6ltuZd9tGcW3gwpnX8JbuiuhFlEGmmFXEXkN50Cvq7Os88IY2v0dkDqXYWVgA=="
    "resolved" "https://registry.npmjs.org/@types/ms/-/ms-0.7.31.tgz"
    "version" "0.7.31"
  
  "@types/node@*", "@types/node@^17.0.10":
    "integrity" "sha512-vu1SrqBjbbZ3J6vwY17jBs8Sr/BKA+/a/WtjRG+whKg1iuLFOosq872EXS0eXWILdO36DHQQeku/ZcL6hz2fpg=="
    "resolved" "https://registry.npmjs.org/@types/node/-/node-17.0.35.tgz"
    "version" "17.0.35"
  
  "@types/validator@^13.7.1":
    "integrity" "sha512-KFcchQ3h0OPQgFirBRPZr5F/sVjxZsOrQHedj3zi8AH3Zv/hOLx2OLR4hxR5HcfoU+33n69ZuOfzthKVdMoTiw=="
    "resolved" "https://registry.npmjs.org/@types/validator/-/validator-13.7.2.tgz"
    "version" "13.7.2"
  
  "abbrev@1":
    "integrity" "sha512-nne9/IiQ/hzIhY6pdDnbBtz7DjPTKrY00P/zvPSm5pOFkl6xuGrGnXn/VtTNNfNtAfZ9/1RtehkszU9qcTii0Q=="
    "resolved" "https://registry.npmjs.org/abbrev/-/abbrev-1.1.1.tgz"
    "version" "1.1.1"
  
  "accepts@~1.3.5":
    "integrity" "sha512-PYAthTa2m2VKxuvSD3DPC/Gy+U+sOA1LAuT8mkmRuvw+NACSaeXEQ+NHcVF7rONl6qcaxV3Uuemwawk+7+SJLw=="
    "resolved" "https://registry.npmjs.org/accepts/-/accepts-1.3.8.tgz"
    "version" "1.3.8"
    dependencies:
      "mime-types" "~2.1.34"
      "negotiator" "0.6.3"
  
  "acorn-globals@^1.0.3":
    "integrity" "sha512-j3/4pkfih8W4NK22gxVSXcEonTpAHOHh0hu5BoZrKcOsW/4oBPxTi4Yk3SAj+FhC1f3+bRTkXdm4019gw1vg9g=="
    "resolved" "https://registry.npmjs.org/acorn-globals/-/acorn-globals-1.0.9.tgz"
    "version" "1.0.9"
    dependencies:
      "acorn" "^2.1.0"
  
  "acorn@^1.0.1":
    "integrity" "sha512-FsqWmApWGMGLKKNpHt12PMc5AK7BaZee0WRh04fCysmTzHe+rrKOa2MKjORhnzfpe4r0JnfdqHn02iDA9Dqj2A=="
    "resolved" "https://registry.npmjs.org/acorn/-/acorn-1.2.2.tgz"
    "version" "1.2.2"
  
  "acorn@^2.1.0":
    "integrity" "sha512-pXK8ez/pVjqFdAgBkF1YPVRacuLQ9EXBKaKWaeh58WNfMkCmZhOZzu+NtKSPD5PHmCCHheQ5cD29qM1K4QTxIg=="
    "resolved" "https://registry.npmjs.org/acorn/-/acorn-2.7.0.tgz"
    "version" "2.7.0"
  
  "align-text@^0.1.1", "align-text@^0.1.3":
    "integrity" "sha512-GrTZLRpmp6wIC2ztrWW9MjjTgSKccffgFagbNDOX95/dcjEcYZibYTeaOntySQLcdw1ztBoFkviiUvTMbb9MYg=="
    "resolved" "https://registry.npmjs.org/align-text/-/align-text-0.1.4.tgz"
    "version" "0.1.4"
    dependencies:
      "kind-of" "^3.0.2"
      "longest" "^1.0.1"
      "repeat-string" "^1.5.2"
  
  "amdefine@>=0.0.4":
    "integrity" "sha512-S2Hw0TtNkMJhIabBwIojKL9YHO5T0n5eNqWJ7Lrlel/zDbftQpxpapi8tZs3X1HWa+u+QeydGmzzNU0m09+Rcg=="
    "resolved" "https://registry.npmjs.org/amdefine/-/amdefine-1.0.1.tgz"
    "version" "1.0.1"
  
  "ansi-regex@^5.0.1":
    "integrity" "sha512-quJQXlTSUGL2LH9SUXo8VwsY4soanhgo6LNSm84E1LBcE8s3O0wpdiRzyR9z/ZZJMlMWv37qOOb9pdJlMUEKFQ=="
    "resolved" "https://registry.npmjs.org/ansi-regex/-/ansi-regex-5.0.1.tgz"
    "version" "5.0.1"
  
  "ansi-styles@^4.0.0":
    "integrity" "sha512-zbB9rCJAT1rbjiVDb2hqKFHNYLxgtk8NURxZ3IZwD3F6NtxbXZQCnnSi1Lkx+IDohdPlFp222wVALIheZJQSEg=="
    "resolved" "https://registry.npmjs.org/ansi-styles/-/ansi-styles-4.3.0.tgz"
    "version" "4.3.0"
    dependencies:
      "color-convert" "^2.0.1"
  
  "argparse@^2.0.1":
    "integrity" "sha512-8+9WqebbFzpX9OR+Wa6O29asIogeRMzcGtAINdpMHHyAg10f05aSFVBbcEqGf/PXw1EjAZ+q2/bEBg3DvurK3Q=="
    "resolved" "https://registry.npmjs.org/argparse/-/argparse-2.0.1.tgz"
    "version" "2.0.1"
  
  "array-flatten@1.1.1":
    "integrity" "sha512-PCVAQswWemu6UdxsDFFX/+gVeYqKAod3D3UVm91jHwynguOwAvYPhx8nNlM++NqRcK6CxxpUafjmhIdKiHibqg=="
    "resolved" "https://registry.npmjs.org/array-flatten/-/array-flatten-1.1.1.tgz"
    "version" "1.1.1"
  
  "asap@~1.0.0":
    "integrity" "sha512-Ej9qjcXY+8Tuy1cNqiwNMwFRXOy9UwgTeMA8LxreodygIPV48lx8PU1ecFxb5ZeU1DpMKxiq6vGLTxcitWZPbA=="
    "resolved" "https://registry.npmjs.org/asap/-/asap-1.0.0.tgz"
    "version" "1.0.0"
  
  "at-least-node@^1.0.0":
    "integrity" "sha512-+q/t7Ekv1EDY2l6Gda6LLiX14rU9TV20Wa3ofeQmwPFZbOMo9DXrLbOjFaaclkXKWidIaopwAObQDqwWtGUjqg=="
    "resolved" "https://registry.npmjs.org/at-least-node/-/at-least-node-1.0.0.tgz"
    "version" "1.0.0"
  
  "balanced-match@^1.0.0":
    "integrity" "sha512-3oSeUO0TMV67hN1AmbXsK4yaqU7tjiHlbxRDZOpH0KW9+CeX4bRAaX0Anxt0tx2MrpRpWwQaPwIlISEJhYU5Pw=="
    "resolved" "https://registry.npmjs.org/balanced-match/-/balanced-match-1.0.2.tgz"
    "version" "1.0.2"
  
  "basic-auth@~2.0.1":
    "integrity" "sha512-NF+epuEdnUYVlGuhaxbbq+dvJttwLnGY+YixlXlME5KpQ5W3CnXA5cVTneY3SPbPDRkcjMbifrwmFYcClgOZeg=="
    "resolved" "https://registry.npmjs.org/basic-auth/-/basic-auth-2.0.1.tgz"
    "version" "2.0.1"
    dependencies:
      "safe-buffer" "5.1.2"
  
  "bluebird@^3.7.2":
    "integrity" "sha512-XpNj6GDQzdfW+r2Wnn7xiSAd7TM3jzkxGXBGTtWKuSXv1xUV+azxAm8jdWZN06QTQk+2N2XB9jRDkvbmQmcRtg=="
    "resolved" "https://registry.npmjs.org/bluebird/-/bluebird-3.7.2.tgz"
    "version" "3.7.2"
  
  "body-parser@1.18.3":
    "integrity" "sha512-YQyoqQG3sO8iCmf8+hyVpgHHOv0/hCEFiS4zTGUwTA1HjAFX66wRcNQrVCeJq9pgESMRvUAOvSil5MJlmccuKQ=="
    "resolved" "https://registry.npmjs.org/body-parser/-/body-parser-1.18.3.tgz"
    "version" "1.18.3"
    dependencies:
      "bytes" "3.0.0"
      "content-type" "~1.0.4"
      "debug" "2.6.9"
      "depd" "~1.1.2"
      "http-errors" "~1.6.3"
      "iconv-lite" "0.4.23"
      "on-finished" "~2.3.0"
      "qs" "6.5.2"
      "raw-body" "2.3.3"
      "type-is" "~1.6.16"
  
  "brace-expansion@^1.1.7":
    "integrity" "sha512-iCuPHDFgrHX7H2vEI/5xpz07zSHB00TpugqhmYtVmMO6518mCuRMoOYFldEBl0g187ufozdaHgWKcYFb61qGiA=="
    "resolved" "https://registry.npmjs.org/brace-expansion/-/brace-expansion-1.1.11.tgz"
    "version" "1.1.11"
    dependencies:
      "balanced-match" "^1.0.0"
      "concat-map" "0.0.1"
  
  "buffer-equal-constant-time@1.0.1":
    "integrity" "sha512-zRpUiDwd/xk6ADqPMATG8vc9VPrkck7T07OIx0gnjmJAnHnTVXNQG3vfvWNuiZIkwu9KrKdA1iJKfsfTVxE6NA=="
    "resolved" "https://registry.npmjs.org/buffer-equal-constant-time/-/buffer-equal-constant-time-1.0.1.tgz"
    "version" "1.0.1"
  
  "bytes@3.0.0":
    "integrity" "sha512-pMhOfFDPiv9t5jjIXkHosWmkSyQbvsgEVNkz0ERHbuLh2T/7j4Mqqpz523Fe8MVY89KC6Sh/QfS2sM+SjgFDcw=="
    "resolved" "https://registry.npmjs.org/bytes/-/bytes-3.0.0.tgz"
    "version" "3.0.0"
  
  "call-me-maybe@^1.0.1":
    "integrity" "sha512-wCyFsDQkKPwwF8BDwOiWNx/9K45L/hvggQiDbve+viMNMQnWhrlYIuBk09offfwCRtCO9P6XwUttufzU11WCVw=="
    "resolved" "https://registry.npmjs.org/call-me-maybe/-/call-me-maybe-1.0.1.tgz"
    "version" "1.0.1"
  
  "camelcase@^1.0.2":
    "integrity" "sha512-wzLkDa4K/mzI1OSITC+DUyjgIl/ETNHE9QvYgy6J6Jvqyyz4C0Xfd+lQhb19sX2jMpZV4IssUn0VDVmglV+s4g=="
    "resolved" "https://registry.npmjs.org/camelcase/-/camelcase-1.2.1.tgz"
    "version" "1.2.1"
  
  "center-align@^0.1.1":
    "integrity" "sha512-Baz3aNe2gd2LP2qk5U+sDk/m4oSuwSDcBfayTCTBoWpfIGO5XFxPmjILQII4NGiZjD6DoDI6kf7gKaxkf7s3VQ=="
    "resolved" "https://registry.npmjs.org/center-align/-/center-align-0.1.3.tgz"
    "version" "0.1.3"
    dependencies:
      "align-text" "^0.1.3"
      "lazy-cache" "^1.0.3"
  
  "character-parser@1.2.1":
    "integrity" "sha512-6OEBVBlf/y8LaAphnbAnt743O3zMhlBer+FO5D40H6wqAdU9B1TvuApkejgLW0cvv0tEZNLktv1AnRI+C87ueQ=="
    "resolved" "https://registry.npmjs.org/character-parser/-/character-parser-1.2.1.tgz"
    "version" "1.2.1"
  
  "clean-css@^3.1.9":
    "integrity" "sha512-aTWyttSdI2mYi07kWqHi24NUU9YlELFKGOAgFzZjDN1064DMAOy2FBuoyGmkKRlXkbpXd0EVHmiVkbKhKoirTw=="
    "resolved" "https://registry.npmjs.org/clean-css/-/clean-css-3.4.28.tgz"
    "version" "3.4.28"
    dependencies:
      "commander" "2.8.x"
      "source-map" "0.4.x"
  
  "cli-color@^2.0.1":
    "integrity" "sha512-g4JYjrTW9MGtCziFNjkqp3IMpGhnJyeB0lOtRPjQkYhXzKYr6tYnXKyEVnMzITxhpbahsEW9KsxOYIDKwcsIBw=="
    "resolved" "https://registry.npmjs.org/cli-color/-/cli-color-2.0.2.tgz"
    "version" "2.0.2"
    dependencies:
      "d" "^1.0.1"
      "es5-ext" "^0.10.59"
      "es6-iterator" "^2.0.3"
      "memoizee" "^0.4.15"
      "timers-ext" "^0.1.7"
  
  "cliui@^2.1.0":
    "integrity" "sha1-S0dXYP+AJkx2LDoXGQMukcf+oNE="
    "resolved" "https://registry.npmjs.org/cliui/-/cliui-2.1.0.tgz"
    "version" "2.1.0"
    dependencies:
      "center-align" "^0.1.1"
      "right-align" "^0.1.1"
      "wordwrap" "0.0.2"
  
  "cliui@^7.0.2":
    "integrity" "sha512-OcRE68cOsVMXp1Yvonl/fzkQOyjLSu/8bhPDfQt0e0/Eb283TKP20Fs2MqoPsr9SwA595rRCA+QMzYc9nBP+JQ=="
    "resolved" "https://registry.npmjs.org/cliui/-/cliui-7.0.4.tgz"
    "version" "7.0.4"
    dependencies:
      "string-width" "^4.2.0"
      "strip-ansi" "^6.0.0"
      "wrap-ansi" "^7.0.0"
  
  "color-convert@^2.0.1":
    "integrity" "sha512-RRECPsj7iu/xb5oKYcsFHSppFNnsj/52OVTRKb4zP5onXwVF3zVmmToNcOfGC+CRDpfK/U584fMg38ZHCaElKQ=="
    "resolved" "https://registry.npmjs.org/color-convert/-/color-convert-2.0.1.tgz"
    "version" "2.0.1"
    dependencies:
      "color-name" "~1.1.4"
  
  "color-name@~1.1.4":
    "integrity" "sha512-dOy+3AuW3a2wNbZHIuMZpTcgjGuLU/uBL/ubcZF9OXbDo8ff4O8yVp5Bf0efS8uEoYo5q4Fx7dY9OgQGXgAsQA=="
    "resolved" "https://registry.npmjs.org/color-name/-/color-name-1.1.4.tgz"
    "version" "1.1.4"
  
  "commander@^2.19.0":
    "integrity" "sha512-GpVkmM8vF2vQUkj2LvZmD35JxeJOLCwJ9cUkugyk2nuhbv3+mJvpLYYt+0+USMxE+oj+ey/lJEnhZw75x/OMcQ=="
    "resolved" "https://registry.npmjs.org/commander/-/commander-2.20.3.tgz"
    "version" "2.20.3"
  
  "commander@^2.7.1":
    "integrity" "sha512-GpVkmM8vF2vQUkj2LvZmD35JxeJOLCwJ9cUkugyk2nuhbv3+mJvpLYYt+0+USMxE+oj+ey/lJEnhZw75x/OMcQ=="
    "resolved" "https://registry.npmjs.org/commander/-/commander-2.20.3.tgz"
    "version" "2.20.3"
  
  "commander@~2.6.0":
    "integrity" "sha1-nfflL7Kgyw+4kFjugMMQQiXzfh0="
    "resolved" "https://registry.npmjs.org/commander/-/commander-2.6.0.tgz"
    "version" "2.6.0"
  
  "commander@2.8.x":
    "integrity" "sha1-Br42f+v9oMMwqh4qBy09yXYkJdQ="
    "resolved" "https://registry.npmjs.org/commander/-/commander-2.8.1.tgz"
    "version" "2.8.1"
    dependencies:
      "graceful-readlink" ">= 1.0.0"
  
  "commander@6.2.0":
    "integrity" "sha512-zP4jEKbe8SHzKJYQmq8Y9gYjtO/POJLgIdKgV7B9qNmABVFVc+ctqSX6iXh4mCpJfRBOabiZ2YKPg8ciDw6C+Q=="
    "resolved" "https://registry.npmjs.org/commander/-/commander-6.2.0.tgz"
    "version" "6.2.0"
  
  "concat-map@0.0.1":
    "integrity" "sha1-2Klr13/Wjfd5OnMDajug1UBdR3s="
    "resolved" "https://registry.npmjs.org/concat-map/-/concat-map-0.0.1.tgz"
    "version" "0.0.1"
  
  "config-chain@^1.1.13":
    "integrity" "sha512-qj+f8APARXHrM0hraqXYb2/bOVSV4PvJQlNZ/DVj0QrmNM2q2euizkeuVckQ57J+W0mRH6Hvi+k50M4Jul2VRQ=="
    "resolved" "https://registry.npmjs.org/config-chain/-/config-chain-1.1.13.tgz"
    "version" "1.1.13"
    dependencies:
      "ini" "^1.3.4"
      "proto-list" "~1.2.1"
  
  "constantinople@~3.0.1":
    "integrity" "sha1-S5RdmTeQe82Y7ldRIsOBdRZUQUE="
    "resolved" "https://registry.npmjs.org/constantinople/-/constantinople-3.0.2.tgz"
    "version" "3.0.2"
    dependencies:
      "acorn" "^2.1.0"
  
  "content-disposition@0.5.2":
    "integrity" "sha1-DPaLud318r55YcOoUXjLhdunjLQ="
    "resolved" "https://registry.npmjs.org/content-disposition/-/content-disposition-0.5.2.tgz"
    "version" "0.5.2"
  
  "content-type@~1.0.4":
    "integrity" "sha512-hIP3EEPs8tB9AT1L+NUqtwOAps4mk2Zob89MWXMHjHWg9milF/j4osnnQLXBCBFBk/tvIG/tUc9mOUJiPBhPXA=="
    "resolved" "https://registry.npmjs.org/content-type/-/content-type-1.0.4.tgz"
    "version" "1.0.4"
  
  "cookie-parser@~1.4.4":
    "integrity" "sha512-z3IzaNjdwUC2olLIB5/ITd0/setiaFMLYiZJle7xg5Fe9KWAceil7xszYfHHBtDFYLSgJduS2Ty0P1uJdPDJeA=="
    "resolved" "https://registry.npmjs.org/cookie-parser/-/cookie-parser-1.4.6.tgz"
    "version" "1.4.6"
    dependencies:
      "cookie" "0.4.1"
      "cookie-signature" "1.0.6"
  
  "cookie-signature@1.0.6":
    "integrity" "sha1-4wOogrNCzD7oylE6eZmXNNqzriw="
    "resolved" "https://registry.npmjs.org/cookie-signature/-/cookie-signature-1.0.6.tgz"
    "version" "1.0.6"
  
  "cookie@0.3.1":
    "integrity" "sha1-5+Ch+e9DtMi6klxcWpboBtFoc7s="
    "resolved" "https://registry.npmjs.org/cookie/-/cookie-0.3.1.tgz"
    "version" "0.3.1"
  
  "cookie@0.4.1":
    "integrity" "sha512-ZwrFkGJxUR3EIoXtO+yVE69Eb7KlixbaeAWfBQB9vVsNn/o+Yw69gBWSSDK825hQNdN+wF8zELf3dFNl/kxkUA=="
    "resolved" "https://registry.npmjs.org/cookie/-/cookie-0.4.1.tgz"
    "version" "0.4.1"
  
  "cors@^2.8.5":
    "integrity" "sha512-KIHbLJqu73RGr/hnbrO9uBeixNGuvSQjul/jdFvS/KFSIH1hWVd1ng7zOHx+YrEfInLG7q4n6GHQ9cDtxv/P6g=="
    "resolved" "https://registry.npmjs.org/cors/-/cors-2.8.5.tgz"
    "version" "2.8.5"
    dependencies:
      "object-assign" "^4"
      "vary" "^1"
  
  "css-parse@1.0.4":
    "integrity" "sha1-OLBQP7+dqfVOnB29pg4UXHcRe90="
    "resolved" "https://registry.npmjs.org/css-parse/-/css-parse-1.0.4.tgz"
    "version" "1.0.4"
  
  "css-stringify@1.0.5":
    "integrity" "sha1-sNBClG2ylTu50pKQCmy19tASIDE="
    "resolved" "https://registry.npmjs.org/css-stringify/-/css-stringify-1.0.5.tgz"
    "version" "1.0.5"
  
  "css@~1.0.8":
    "integrity" "sha1-k4aBHKgrzMnuf7WnMrHioxfIo+c="
    "resolved" "https://registry.npmjs.org/css/-/css-1.0.8.tgz"
    "version" "1.0.8"
    dependencies:
      "css-parse" "1.0.4"
      "css-stringify" "1.0.5"
  
  "d@^1.0.1", "d@1":
    "integrity" "sha512-m62ShEObQ39CfralilEQRjH6oAMtNCV1xJyEx5LpRYUVN+EviphDgUc/F3hnYbADmkiNs67Y+3ylmlG7Lnu+FA=="
    "resolved" "https://registry.npmjs.org/d/-/d-1.0.1.tgz"
    "version" "1.0.1"
    dependencies:
      "es5-ext" "^0.10.50"
      "type" "^1.0.1"
  
  "daemon@>=0.3.0":
    "integrity" "sha1-bFECyB2wvoVvyQCPwsk1s5iGSug="
    "resolved" "https://registry.npmjs.org/daemon/-/daemon-1.1.0.tgz"
    "version" "1.1.0"
  
  "debug@^4.3.3":
    "integrity" "sha512-PRWFHuSU3eDtQJPvnNY7Jcket1j0t5OuOsFzPPzsekD52Zl8qUfFIPEiswXqIvHWGVHOgX+7G/vCNNhehwxfkQ=="
    "resolved" "https://registry.npmjs.org/debug/-/debug-4.3.4.tgz"
    "version" "4.3.4"
    dependencies:
      "ms" "2.1.2"
  
  "debug@~2.6.9", "debug@2.6.9":
    "integrity" "sha512-bC7ElrdJaJnPbAP+1EotYvqZsb3ecl5wi6Bfi6BJTUcNowp6cvspg0jXznRTKDjm/E7AdgFBVeAPVMNcKGsHMA=="
    "resolved" "https://registry.npmjs.org/debug/-/debug-2.6.9.tgz"
    "version" "2.6.9"
    dependencies:
      "ms" "2.0.0"
  
  "decamelize@^1.0.0":
    "integrity" "sha1-9lNNFRSCabIDUue+4m9QH5oZEpA="
    "resolved" "https://registry.npmjs.org/decamelize/-/decamelize-1.2.0.tgz"
    "version" "1.2.0"
  
  "denque@^2.0.1":
    "integrity" "sha512-tfiWc6BQLXNLpNiR5iGd0Ocu3P3VpxfzFiqubLgMfhfOw9WyvgJBd46CClNn9k3qfbjvT//0cf7AlYRX/OslMQ=="
    "resolved" "https://registry.npmjs.org/denque/-/denque-2.0.1.tgz"
    "version" "2.0.1"
  
  "depd@~1.1.2":
    "integrity" "sha1-m81S4UwJd2PnSbJ0xDRu0uVgtak="
    "resolved" "https://registry.npmjs.org/depd/-/depd-1.1.2.tgz"
    "version" "1.1.2"
  
  "depd@~2.0.0":
    "integrity" "sha512-g7nH6P6dyDioJogAAGprGpCtVImJhpPk/roCzdb3fIh61/s/nPsfR6onyMwkCAR/OlC3yBC0lESvUoQEAssIrw=="
    "resolved" "https://registry.npmjs.org/depd/-/depd-2.0.0.tgz"
    "version" "2.0.0"
  
  "destroy@~1.0.4":
    "integrity" "sha1-l4hXRCxEdJ5CBmE+N5RiBYJqvYA="
    "resolved" "https://registry.npmjs.org/destroy/-/destroy-1.0.4.tgz"
    "version" "1.0.4"
  
  "doctrine@3.0.0":
    "integrity" "sha512-yS+Q5i3hBf7GBkd4KG8a7eBNNWNGLTaEwwYWUijIYM7zrlYDM0BFXHjjPWlWZ1Rg7UaddZeIDmi9jF3HmqiQ2w=="
    "resolved" "https://registry.npmjs.org/doctrine/-/doctrine-3.0.0.tgz"
    "version" "3.0.0"
    dependencies:
      "esutils" "^2.0.2"
  
  "dottie@^2.0.2":
    "integrity" "sha512-fmrwR04lsniq/uSr8yikThDTrM7epXHBAAjH9TbeH3rEA8tdCO7mRzB9hdmdGyJCxF8KERo9CITcm3kGuoyMhg=="
    "resolved" "https://registry.npmjs.org/dottie/-/dottie-2.0.2.tgz"
    "version" "2.0.2"
  
  "ecdsa-sig-formatter@1.0.11":
    "integrity" "sha512-nagl3RYrbNv6kQkeJIpt6NJZy8twLB/2vtz6yN9Z4vRKHN4/QZJIEbqohALSgwKdnksuY3k5Addp5lg8sVoVcQ=="
    "resolved" "https://registry.npmjs.org/ecdsa-sig-formatter/-/ecdsa-sig-formatter-1.0.11.tgz"
    "version" "1.0.11"
    dependencies:
      "safe-buffer" "^5.0.1"
  
  "editorconfig@^0.15.3":
    "integrity" "sha512-M9wIMFx96vq0R4F+gRpY3o2exzb8hEj/n9S8unZtHSvYjibBp/iMufSzvmOcV/laG0ZtuTVGtiJggPOSW2r93g=="
    "resolved" "https://registry.npmjs.org/editorconfig/-/editorconfig-0.15.3.tgz"
    "version" "0.15.3"
    dependencies:
      "commander" "^2.19.0"
      "lru-cache" "^4.1.5"
      "semver" "^5.6.0"
      "sigmund" "^1.0.1"
  
  "ee-first@1.1.1":
    "integrity" "sha1-WQxhFWsK4vTwJVcyoViyZrxWsh0="
    "resolved" "https://registry.npmjs.org/ee-first/-/ee-first-1.1.1.tgz"
    "version" "1.1.1"
  
  "emoji-regex@^8.0.0":
    "integrity" "sha512-MSjYzcWNOA0ewAHpz0MxpYFvwg6yjy1NG3xteoqz644VCo/RPgnr1/GGt+ic3iJTzQ8Eu3TdM14SawnVUmGE6A=="
    "resolved" "https://registry.npmjs.org/emoji-regex/-/emoji-regex-8.0.0.tgz"
    "version" "8.0.0"
  
  "encodeurl@~1.0.2":
    "integrity" "sha1-rT/0yG7C0CkyL1oCw6mmBslbP1k="
    "resolved" "https://registry.npmjs.org/encodeurl/-/encodeurl-1.0.2.tgz"
    "version" "1.0.2"
  
  "es5-ext@^0.10.35", "es5-ext@^0.10.46", "es5-ext@^0.10.50", "es5-ext@^0.10.53", "es5-ext@^0.10.59", "es5-ext@~0.10.14", "es5-ext@~0.10.2", "es5-ext@~0.10.46":
    "integrity" "sha512-yFhIqQAzu2Ca2I4SE2Au3rxVfmohU9Y7wqGR+s7+H7krk26NXhIRAZDgqd6xqjCEFUomDEA3/Bo/7fKmIkW1kA=="
    "resolved" "https://registry.npmjs.org/es5-ext/-/es5-ext-0.10.61.tgz"
    "version" "0.10.61"
    dependencies:
      "es6-iterator" "^2.0.3"
      "es6-symbol" "^3.1.3"
      "next-tick" "^1.1.0"
  
  "es6-iterator@^2.0.3":
    "integrity" "sha1-p96IkUGgWpSwhUQDstCg+/qY87c="
    "resolved" "https://registry.npmjs.org/es6-iterator/-/es6-iterator-2.0.3.tgz"
    "version" "2.0.3"
    dependencies:
      "d" "1"
      "es5-ext" "^0.10.35"
      "es6-symbol" "^3.1.1"
  
  "es6-symbol@^3.1.1", "es6-symbol@^3.1.3":
    "integrity" "sha512-NJ6Yn3FuDinBaBRWl/q5X/s4koRHBrgKAu+yGI6JCBeiu3qrcbJhwT2GeR/EXVfylRk8dpQVJoLEFhK+Mu31NA=="
    "resolved" "https://registry.npmjs.org/es6-symbol/-/es6-symbol-3.1.3.tgz"
    "version" "3.1.3"
    dependencies:
      "d" "^1.0.1"
      "ext" "^1.1.2"
  
  "es6-weak-map@^2.0.3":
    "integrity" "sha512-p5um32HOTO1kP+w7PRnB+5lQ43Z6muuMuIMffvDN8ZB4GcnjLBV6zGStpbASIMk4DCAvEaamhe2zhyCb/QXXsA=="
    "resolved" "https://registry.npmjs.org/es6-weak-map/-/es6-weak-map-2.0.3.tgz"
    "version" "2.0.3"
    dependencies:
      "d" "1"
      "es5-ext" "^0.10.46"
      "es6-iterator" "^2.0.3"
      "es6-symbol" "^3.1.1"
  
  "escalade@^3.1.1":
    "integrity" "sha512-k0er2gUkLf8O0zKJiAhmkTnJlTvINGv7ygDNPbeIsX/TJjGJZHuh9B2UxbsaEkmlEo9MfhrSzmhIlhRlI2GXnw=="
    "resolved" "https://registry.npmjs.org/escalade/-/escalade-3.1.1.tgz"
    "version" "3.1.1"
  
  "escape-html@~1.0.3":
    "integrity" "sha1-Aljq5NPQwJdN4cFpGI7wBR0dGYg="
    "resolved" "https://registry.npmjs.org/escape-html/-/escape-html-1.0.3.tgz"
    "version" "1.0.3"
  
  "esutils@^2.0.2":
    "integrity" "sha512-kVscqXk4OCp68SZ0dkgEKVi6/8ij300KBWTJq32P/dYeWTSwK41WyTxalN1eRmA5Z9UU/LX9D7FWSmV9SAYx6g=="
    "resolved" "https://registry.npmjs.org/esutils/-/esutils-2.0.3.tgz"
    "version" "2.0.3"
  
  "etag@~1.8.1":
    "integrity" "sha1-Qa4u62XvpiJorr/qg6x9eSmbCIc="
    "resolved" "https://registry.npmjs.org/etag/-/etag-1.8.1.tgz"
    "version" "1.8.1"
  
  "event-emitter@^0.3.5":
    "integrity" "sha1-34xp7vFkeSPHFXuc6DhAYQsCzDk="
    "resolved" "https://registry.npmjs.org/event-emitter/-/event-emitter-0.3.5.tgz"
    "version" "0.3.5"
    dependencies:
      "d" "1"
      "es5-ext" "~0.10.14"
  
  "express@>=4.0.0", "express@~4.16.1":
    "integrity" "sha512-j12Uuyb4FMrd/qQAm6uCHAkPtO8FDTRJZBDd5D2KOL2eLaz1yUNdUB/NOIyq0iU4q4cFarsUCrnFDPBcnksuOg=="
    "resolved" "https://registry.npmjs.org/express/-/express-4.16.4.tgz"
    "version" "4.16.4"
    dependencies:
      "accepts" "~1.3.5"
      "array-flatten" "1.1.1"
      "body-parser" "1.18.3"
      "content-disposition" "0.5.2"
      "content-type" "~1.0.4"
      "cookie" "0.3.1"
      "cookie-signature" "1.0.6"
      "debug" "2.6.9"
      "depd" "~1.1.2"
      "encodeurl" "~1.0.2"
      "escape-html" "~1.0.3"
      "etag" "~1.8.1"
      "finalhandler" "1.1.1"
      "fresh" "0.5.2"
      "merge-descriptors" "1.0.1"
      "methods" "~1.1.2"
      "on-finished" "~2.3.0"
      "parseurl" "~1.3.2"
      "path-to-regexp" "0.1.7"
      "proxy-addr" "~2.0.4"
      "qs" "6.5.2"
      "range-parser" "~1.2.0"
      "safe-buffer" "5.1.2"
      "send" "0.16.2"
      "serve-static" "1.13.2"
      "setprototypeof" "1.1.0"
      "statuses" "~1.4.0"
      "type-is" "~1.6.16"
      "utils-merge" "1.0.1"
      "vary" "~1.1.2"
  
  "ext@^1.1.2":
    "integrity" "sha512-sdBImtzkq2HpkdRLtlLWDa6w4DX22ijZLKx8BMPUuKe1c5lbN6xwQDQCxSfxBQnHZ13ls/FH0MQZx/q/gr6FQg=="
    "resolved" "https://registry.npmjs.org/ext/-/ext-1.6.0.tgz"
    "version" "1.6.0"
    dependencies:
      "type" "^2.5.0"
  
  "finalhandler@1.1.1":
    "integrity" "sha512-Y1GUDo39ez4aHAw7MysnUD5JzYX+WaIj8I57kO3aEPT1fFRL4sr7mjei97FgnwhAyyzRYmQZaTHb2+9uZ1dPtg=="
    "resolved" "https://registry.npmjs.org/finalhandler/-/finalhandler-1.1.1.tgz"
    "version" "1.1.1"
    dependencies:
      "debug" "2.6.9"
      "encodeurl" "~1.0.2"
      "escape-html" "~1.0.3"
      "on-finished" "~2.3.0"
      "parseurl" "~1.3.2"
      "statuses" "~1.4.0"
      "unpipe" "~1.0.0"
  
  "forwarded@0.2.0":
    "integrity" "sha512-buRG0fpBtRHSTCOASe6hD258tEubFoRLb4ZNA6NxMVHNw2gOcwHo9wyablzMzOA5z9xA9L1KNjk/Nt6MT9aYow=="
    "resolved" "https://registry.npmjs.org/forwarded/-/forwarded-0.2.0.tgz"
    "version" "0.2.0"
  
  "fresh@0.5.2":
    "integrity" "sha1-PYyt2Q2XZWn6g1qx+OSyOhBWBac="
    "resolved" "https://registry.npmjs.org/fresh/-/fresh-0.5.2.tgz"
    "version" "0.5.2"
  
  "fs-extra@^9.1.0":
    "integrity" "sha512-hcg3ZmepS30/7BSFqRvoo3DOMQu7IjqxO5nCDt+zM9XWjb33Wg7ziNT+Qvqbuc3+gWpzO02JubVyk2G4Zvo1OQ=="
    "resolved" "https://registry.npmjs.org/fs-extra/-/fs-extra-9.1.0.tgz"
    "version" "9.1.0"
    dependencies:
      "at-least-node" "^1.0.0"
      "graceful-fs" "^4.2.0"
      "jsonfile" "^6.0.1"
      "universalify" "^2.0.0"
  
  "fs.realpath@^1.0.0":
    "integrity" "sha1-FQStJSMVjKpA20onh8sBQRmU6k8="
    "resolved" "https://registry.npmjs.org/fs.realpath/-/fs.realpath-1.0.0.tgz"
    "version" "1.0.0"
  
  "fs@^0.0.1-security":
    "integrity" "sha1-invTcYa23d84E/I4WLV+yq9eQdQ="
    "resolved" "https://registry.npmjs.org/fs/-/fs-0.0.1-security.tgz"
    "version" "0.0.1-security"
  
  "function-bind@^1.1.1":
    "integrity" "sha512-yIovAzMX49sF8Yl58fSCWJ5svSLuaibPxXQJFLmBObTuCr0Mf1KiPopGM9NiFjiYBCbfaa2Fh6breQ6ANVTI0A=="
    "resolved" "https://registry.npmjs.org/function-bind/-/function-bind-1.1.1.tgz"
    "version" "1.1.1"
  
  "generate-function@^2.3.1":
    "integrity" "sha512-eeB5GfMNeevm/GRYq20ShmsaGcmI81kIX2K9XQx5miC8KdHaC6Jm0qQ8ZNeGOi7wYB8OsdxKs+Y2oVuTFuVwKQ=="
    "resolved" "https://registry.npmjs.org/generate-function/-/generate-function-2.3.1.tgz"
    "version" "2.3.1"
    dependencies:
      "is-property" "^1.0.2"
  
  "get-caller-file@^2.0.5":
    "integrity" "sha512-DyFP3BM/3YHTQOCUL/w0OZHR0lpKeGrxotcHWcqNEdnltqFwXVfhEBQ94eIo34AfQpo0rGki4cyIiftY06h2Fg=="
    "resolved" "https://registry.npmjs.org/get-caller-file/-/get-caller-file-2.0.5.tgz"
    "version" "2.0.5"
  
  "glob@^7.1.3":
    "integrity" "sha512-nFR0zLpU2YCaRxwoCJvL6UvCH2JFyFVIvwTLsIf21AuHlMskA1hhTdk+LlYJtOlYt9v6dvszD2BGRqBL+iQK9Q=="
    "resolved" "https://registry.npmjs.org/glob/-/glob-7.2.3.tgz"
    "version" "7.2.3"
    dependencies:
      "fs.realpath" "^1.0.0"
      "inflight" "^1.0.4"
      "inherits" "2"
      "minimatch" "^3.1.1"
      "once" "^1.3.0"
      "path-is-absolute" "^1.0.0"
  
  "glob@7.1.6":
    "integrity" "sha512-LwaxwyZ72Lk7vZINtNNrywX0ZuLyStrdDtabefZKAY5ZGJhVtgdznluResxNmPitE0SAO+O26sWTHeKSI2wMBA=="
    "resolved" "https://registry.npmjs.org/glob/-/glob-7.1.6.tgz"
    "version" "7.1.6"
    dependencies:
      "fs.realpath" "^1.0.0"
      "inflight" "^1.0.4"
      "inherits" "2"
      "minimatch" "^3.0.4"
      "once" "^1.3.0"
      "path-is-absolute" "^1.0.0"
  
  "graceful-fs@^4.1.6", "graceful-fs@^4.2.0":
    "integrity" "sha512-9ByhssR2fPVsNZj478qUUbKfmL0+t5BDVyjShtyZZLiK7ZDAArFFfopyOTj0M05wE2tJPisA4iTnnXl2YoPvOA=="
    "resolved" "https://registry.npmjs.org/graceful-fs/-/graceful-fs-4.2.10.tgz"
    "version" "4.2.10"
  
  "graceful-readlink@>= 1.0.0":
    "integrity" "sha1-TK+tdrxi8C+gObL5Tpo906ORpyU="
    "resolved" "https://registry.npmjs.org/graceful-readlink/-/graceful-readlink-1.0.1.tgz"
    "version" "1.0.1"
  
  "has@^1.0.3":
    "integrity" "sha512-f2dvO0VU6Oej7RkWJGrehjbzMAjFp5/VKPp5tTpWIV4JHHZK1/BxbFRtf/siA2SWTe09caDmVtYYzWEIbBS4zw=="
    "resolved" "https://registry.npmjs.org/has/-/has-1.0.3.tgz"
    "version" "1.0.3"
    dependencies:
      "function-bind" "^1.1.1"
  
  "http-errors@~1.6.2", "http-errors@~1.6.3", "http-errors@1.6.3":
    "integrity" "sha1-i1VoC7S+KDoLW/TqLjhYC+HZMg0="
    "resolved" "https://registry.npmjs.org/http-errors/-/http-errors-1.6.3.tgz"
    "version" "1.6.3"
    dependencies:
      "depd" "~1.1.2"
      "inherits" "2.0.3"
      "setprototypeof" "1.1.0"
      "statuses" ">= 1.4.0 < 2"
  
  "iconv-lite@^0.6.3":
    "integrity" "sha512-4fCk79wshMdzMp2rH06qWrJE4iolqLhCUH+OiuIgU++RB0+94NlDL81atO7GX55uUKueo0txHNtvEyI6D7WdMw=="
    "resolved" "https://registry.npmjs.org/iconv-lite/-/iconv-lite-0.6.3.tgz"
    "version" "0.6.3"
    dependencies:
      "safer-buffer" ">= 2.1.2 < 3.0.0"
  
  "iconv-lite@0.4.23":
    "integrity" "sha512-neyTUVFtahjf0mB3dZT77u+8O0QB89jFdnBkd5P1JgYPbPaia3gXXOVL2fq8VyU2gMMD7SaN7QukTB/pmXYvDA=="
    "resolved" "https://registry.npmjs.org/iconv-lite/-/iconv-lite-0.4.23.tgz"
    "version" "0.4.23"
    dependencies:
      "safer-buffer" ">= 2.1.2 < 3"
  
  "inflection@^1.13.2":
    "integrity" "sha512-cmZlljCRTBFouT8UzMzrGcVEvkv6D/wBdcdKG7J1QH5cXjtU75Dm+P27v9EKu/Y43UYyCJd1WC4zLebRrC8NBw=="
    "resolved" "https://registry.npmjs.org/inflection/-/inflection-1.13.2.tgz"
    "version" "1.13.2"
  
  "inflight@^1.0.4":
    "integrity" "sha1-Sb1jMdfQLQwJvJEKEHW6gWW1bfk="
    "resolved" "https://registry.npmjs.org/inflight/-/inflight-1.0.6.tgz"
    "version" "1.0.6"
    dependencies:
      "once" "^1.3.0"
      "wrappy" "1"
  
  "inherits@2", "inherits@2.0.3":
    "integrity" "sha1-Yzwsg+PaQqUC9SRmAiSA9CCCYd4="
    "resolved" "https://registry.npmjs.org/inherits/-/inherits-2.0.3.tgz"
    "version" "2.0.3"
  
  "ini@^1.3.4":
    "integrity" "sha512-JV/yugV2uzW5iMRSiZAyDtQd+nxtUnjeLt0acNdw98kKLrvuRVyB80tsREOE7yvGVgalhZ6RNXCmEHkUKBKxew=="
    "resolved" "https://registry.npmjs.org/ini/-/ini-1.3.8.tgz"
    "version" "1.3.8"
  
  "init@^0.1.2":
    "integrity" "sha1-mIKsFScHvMun/iIHyN+AUIdcFQQ="
    "resolved" "https://registry.npmjs.org/init/-/init-0.1.2.tgz"
    "version" "0.1.2"
    dependencies:
      "daemon" ">=0.3.0"
  
  "ipaddr.js@1.9.1":
    "integrity" "sha512-0KI/607xoxSToH7GjN1FfSbLoU0+btTicjsQSWQlh/hZykN8KpmMf7uYwPW3R+akZ6R/w18ZlXSHBYXiYUPO3g=="
    "resolved" "https://registry.npmjs.org/ipaddr.js/-/ipaddr.js-1.9.1.tgz"
    "version" "1.9.1"
  
  "is-buffer@^1.1.5":
    "integrity" "sha512-NcdALwpXkTm5Zvvbk7owOUSvVvBKDgKP5/ewfXEznmQFfs4ZRmanOeKBTjRVjka3QFoN6XJ+9F3USqfHqTaU5w=="
    "resolved" "https://registry.npmjs.org/is-buffer/-/is-buffer-1.1.6.tgz"
    "version" "1.1.6"
  
  "is-core-module@^2.8.1":
    "integrity" "sha512-+5FPy5PnwmO3lvfMb0AsoPaBG+5KHUI0wYFXOtYPnVVVspTFUuMZNfNaNVRt3FZadstu2c8x23vykRW/NBoU6A=="
    "resolved" "https://registry.npmjs.org/is-core-module/-/is-core-module-2.9.0.tgz"
    "version" "2.9.0"
    dependencies:
      "has" "^1.0.3"
  
  "is-fullwidth-code-point@^3.0.0":
    "integrity" "sha512-zymm5+u+sCsSWyD9qNaejV3DFvhCKclKdizYaJUuHA83RLjb7nSuGnddCHGv0hk+KY7BMAlsWeK4Ueg6EV6XQg=="
    "resolved" "https://registry.npmjs.org/is-fullwidth-code-point/-/is-fullwidth-code-point-3.0.0.tgz"
    "version" "3.0.0"
  
  "is-promise@^2.0.0", "is-promise@^2.2.2":
    "integrity" "sha512-+lP4/6lKUBfQjZ2pdxThZvLUAafmZb8OAxFb8XXtiQmS35INgr85hdOGoEs124ez1FCnZJt6jau/T+alh58QFQ=="
    "resolved" "https://registry.npmjs.org/is-promise/-/is-promise-2.2.2.tgz"
    "version" "2.2.2"
  
  "is-promise@~1":
    "integrity" "sha1-MVc3YcBX4zwukaq56W2gjO++duU="
    "resolved" "https://registry.npmjs.org/is-promise/-/is-promise-1.0.1.tgz"
    "version" "1.0.1"
  
  "is-property@^1.0.2":
    "integrity" "sha1-V/4cTkhHTt1lsJkR8msc1Ald2oQ="
    "resolved" "https://registry.npmjs.org/is-property/-/is-property-1.0.2.tgz"
    "version" "1.0.2"
  
  "jade@~1.11.0":
    "integrity" "sha1-nIDlOMEtP7lcjZu5VZ+gzAQEBf0="
    "resolved" "https://registry.npmjs.org/jade/-/jade-1.11.0.tgz"
    "version" "1.11.0"
    dependencies:
      "character-parser" "1.2.1"
      "clean-css" "^3.1.9"
      "commander" "~2.6.0"
      "constantinople" "~3.0.1"
      "jstransformer" "0.0.2"
      "mkdirp" "~0.5.0"
      "transformers" "2.1.0"
      "uglify-js" "^2.4.19"
      "void-elements" "~2.0.1"
      "with" "~4.0.0"
  
  "js-beautify@^1.14.0":
    "integrity" "sha512-f1ra8PHtOEu/70EBnmiUlV8nJePS58y9qKjl4JHfYWlFH6bo7ogZBz//FAZp7jDuXtYnGYKymZPlrg2I/9Zo4g=="
    "resolved" "https://registry.npmjs.org/js-beautify/-/js-beautify-1.14.3.tgz"
    "version" "1.14.3"
    dependencies:
      "config-chain" "^1.1.13"
      "editorconfig" "^0.15.3"
      "glob" "^7.1.3"
      "nopt" "^5.0.0"
  
  "js-yaml@^4.1.0":
    "integrity" "sha512-wpxZs9NoxZaJESJGIZTyDEaYpl0FKSA+FB9aJiyemKhMwkxQg63h4T1KJgUGHpTqPDNRcmmYLugrRjJlBtWvRA=="
    "resolved" "https://registry.npmjs.org/js-yaml/-/js-yaml-4.1.0.tgz"
    "version" "4.1.0"
    dependencies:
      "argparse" "^2.0.1"
  
  "jsonfile@^6.0.1":
    "integrity" "sha512-5dgndWOriYSm5cnYaJNhalLNDKOqFwyDB/rr1E9ZsGciGvKPs8R2xYGCacuf3z6K1YKDz182fd+fY3cn3pMqXQ=="
    "resolved" "https://registry.npmjs.org/jsonfile/-/jsonfile-6.1.0.tgz"
    "version" "6.1.0"
    dependencies:
      "universalify" "^2.0.0"
    optionalDependencies:
      "graceful-fs" "^4.1.6"
  
  "jsonwebtoken@^8.5.1":
    "integrity" "sha512-XjwVfRS6jTMsqYs0EsuJ4LGxXV14zQybNd4L2r0UvbVnSF9Af8x7p5MzbJ90Ioz/9TI41/hTCvznF/loiSzn8w=="
    "resolved" "https://registry.npmjs.org/jsonwebtoken/-/jsonwebtoken-8.5.1.tgz"
    "version" "8.5.1"
    dependencies:
      "jws" "^3.2.2"
      "lodash.includes" "^4.3.0"
      "lodash.isboolean" "^3.0.3"
      "lodash.isinteger" "^4.0.4"
      "lodash.isnumber" "^3.0.3"
      "lodash.isplainobject" "^4.0.6"
      "lodash.isstring" "^4.0.1"
      "lodash.once" "^4.0.0"
      "ms" "^2.1.1"
      "semver" "^5.6.0"
  
  "jstransformer@0.0.2":
    "integrity" "sha1-eq4pqQPRls+glz2IXT5HlH7Ndqs="
    "resolved" "https://registry.npmjs.org/jstransformer/-/jstransformer-0.0.2.tgz"
    "version" "0.0.2"
    dependencies:
      "is-promise" "^2.0.0"
      "promise" "^6.0.1"
  
  "jwa@^1.4.1":
    "integrity" "sha512-qiLX/xhEEFKUAJ6FiBMbes3w9ATzyk5W7Hvzpa/SLYdxNtng+gcurvrI7TbACjIXlsJyr05/S1oUhZrc63evQA=="
    "resolved" "https://registry.npmjs.org/jwa/-/jwa-1.4.1.tgz"
    "version" "1.4.1"
    dependencies:
      "buffer-equal-constant-time" "1.0.1"
      "ecdsa-sig-formatter" "1.0.11"
      "safe-buffer" "^5.0.1"
  
  "jws@^3.2.2":
    "integrity" "sha512-YHlZCB6lMTllWDtSPHz/ZXTsi8S00usEV6v1tjq8tOUZzw7DpSDWVXjXDre6ed1w/pd495ODpHZYSdkRTsa0HA=="
    "resolved" "https://registry.npmjs.org/jws/-/jws-3.2.2.tgz"
    "version" "3.2.2"
    dependencies:
      "jwa" "^1.4.1"
      "safe-buffer" "^5.0.1"
  
  "kind-of@^3.0.2":
    "integrity" "sha1-MeohpzS6ubuw8yRm2JOupR5KPGQ="
    "resolved" "https://registry.npmjs.org/kind-of/-/kind-of-3.2.2.tgz"
    "version" "3.2.2"
    dependencies:
      "is-buffer" "^1.1.5"
  
  "lazy-cache@^1.0.3":
    "integrity" "sha1-odePw6UEdMuAhF07O24dpJpEbo4="
    "resolved" "https://registry.npmjs.org/lazy-cache/-/lazy-cache-1.0.4.tgz"
    "version" "1.0.4"
  
  "lodash.get@^4.4.2":
    "integrity" "sha1-LRd/ZS+jHpObRDjVNBSZ36OCXpk="
    "resolved" "https://registry.npmjs.org/lodash.get/-/lodash.get-4.4.2.tgz"
    "version" "4.4.2"
  
  "lodash.includes@^4.3.0":
    "integrity" "sha1-YLuYqHy5I8aMoeUTJUgzFISfVT8="
    "resolved" "https://registry.npmjs.org/lodash.includes/-/lodash.includes-4.3.0.tgz"
    "version" "4.3.0"
  
  "lodash.isboolean@^3.0.3":
    "integrity" "sha1-bC4XHbKiV82WgC/UOwGyDV9YcPY="
    "resolved" "https://registry.npmjs.org/lodash.isboolean/-/lodash.isboolean-3.0.3.tgz"
    "version" "3.0.3"
  
  "lodash.isequal@^4.5.0":
    "integrity" "sha1-QVxEePK8wwEgwizhDtMib30+GOA="
    "resolved" "https://registry.npmjs.org/lodash.isequal/-/lodash.isequal-4.5.0.tgz"
    "version" "4.5.0"
  
  "lodash.isinteger@^4.0.4":
    "integrity" "sha1-YZwK89A/iwTDH1iChAt3sRzWg0M="
    "resolved" "https://registry.npmjs.org/lodash.isinteger/-/lodash.isinteger-4.0.4.tgz"
    "version" "4.0.4"
  
  "lodash.isnumber@^3.0.3":
    "integrity" "sha1-POdoEMWSjQM1IwGsKHMX8RwLH/w="
    "resolved" "https://registry.npmjs.org/lodash.isnumber/-/lodash.isnumber-3.0.3.tgz"
    "version" "3.0.3"
  
  "lodash.isplainobject@^4.0.6":
    "integrity" "sha1-fFJqUtibRcRcxpC4gWO+BJf1UMs="
    "resolved" "https://registry.npmjs.org/lodash.isplainobject/-/lodash.isplainobject-4.0.6.tgz"
    "version" "4.0.6"
  
  "lodash.isstring@^4.0.1":
    "integrity" "sha1-1SfftUVuynzJu5XV2ur4i6VKVFE="
    "resolved" "https://registry.npmjs.org/lodash.isstring/-/lodash.isstring-4.0.1.tgz"
    "version" "4.0.1"
  
  "lodash.mergewith@^4.6.2":
    "integrity" "sha512-GK3g5RPZWTRSeLSpgP8Xhra+pnjBC56q9FZYe1d5RN3TJ35dbkGy3YqBSMbyCrlbi+CM9Z3Jk5yTL7RCsqboyQ=="
    "resolved" "https://registry.npmjs.org/lodash.mergewith/-/lodash.mergewith-4.6.2.tgz"
    "version" "4.6.2"
  
  "lodash.once@^4.0.0":
    "integrity" "sha1-DdOXEhPHxW34gJd9UEyI+0cal6w="
    "resolved" "https://registry.npmjs.org/lodash.once/-/lodash.once-4.1.1.tgz"
    "version" "4.1.1"
  
  "lodash@^4.17.21":
    "integrity" "sha512-v2kDEe57lecTulaDIuNTPy3Ry4gLGJ6Z1O3vE1krgXZNrsQ+LFTGHVxVjcXPs17LhbZVGedAJv8XZ1tvj5FvSg=="
    "resolved" "https://registry.npmjs.org/lodash/-/lodash-4.17.21.tgz"
    "version" "4.17.21"
  
  "long@^4.0.0":
    "integrity" "sha512-XsP+KhQif4bjX1kbuSiySJFNAehNxgLb6hPRGJ9QsUr8ajHkuXGdrHmFUTUUXhDwVX2R5bY4JNZEwbUiMhV+MA=="
    "resolved" "https://registry.npmjs.org/long/-/long-4.0.0.tgz"
    "version" "4.0.0"
  
  "longest@^1.0.1":
    "integrity" "sha1-MKCy2jj3N3DoKUoNIuZiXtd9AJc="
    "resolved" "https://registry.npmjs.org/longest/-/longest-1.0.1.tgz"
    "version" "1.0.1"
  
  "lowdb@^3.0.0":
    "integrity" "sha512-9KZRulmIcU8fZuWiaM0d5e2/nPnrFyXkeXVpqT+MJS+vgbgOf1EbtvgQmba8HwUFgDl1oeZR6XqEJnkJmQdKmg=="
    "resolved" "https://registry.npmjs.org/lowdb/-/lowdb-3.0.0.tgz"
    "version" "3.0.0"
    dependencies:
      "steno" "^2.1.0"
  
  "lru-cache@^4.1.3":
    "integrity" "sha512-sWZlbEP2OsHNkXrMl5GYk/jKk70MBng6UU4YI/qGDYbgf6YbP4EvmqISbXCoJiRKs+1bSpFHVgQxvJ17F2li5g=="
    "resolved" "https://registry.npmjs.org/lru-cache/-/lru-cache-4.1.5.tgz"
    "version" "4.1.5"
    dependencies:
      "pseudomap" "^1.0.2"
      "yallist" "^2.1.2"
  
  "lru-cache@^4.1.5":
    "integrity" "sha512-sWZlbEP2OsHNkXrMl5GYk/jKk70MBng6UU4YI/qGDYbgf6YbP4EvmqISbXCoJiRKs+1bSpFHVgQxvJ17F2li5g=="
    "resolved" "https://registry.npmjs.org/lru-cache/-/lru-cache-4.1.5.tgz"
    "version" "4.1.5"
    dependencies:
      "pseudomap" "^1.0.2"
      "yallist" "^2.1.2"
  
  "lru-cache@^6.0.0":
    "integrity" "sha512-Jo6dJ04CmSjuznwJSS3pUeWmd/H0ffTlkXXgwZi+eq1UCmqQwCh+eLsYOYCwY991i2Fah4h1BEMCx4qThGbsiA=="
    "resolved" "https://registry.npmjs.org/lru-cache/-/lru-cache-6.0.0.tgz"
    "version" "6.0.0"
    dependencies:
      "yallist" "^4.0.0"
  
  "lru-queue@^0.1.0":
    "integrity" "sha1-Jzi9nw089PhEkMVzbEhpmsYyzaM="
    "resolved" "https://registry.npmjs.org/lru-queue/-/lru-queue-0.1.0.tgz"
    "version" "0.1.0"
    dependencies:
      "es5-ext" "~0.10.2"
  
  "mariadb@^3.0.0":
    "integrity" "sha512-1uIqD6AWLP5ojMY67XP4+4uRLe9L92HD1ZGU8fidi8cGdYIC+Ghx1JliAtf7lc/tGjOh6J400f/1M4BXVtZFvA=="
    "resolved" "https://registry.npmjs.org/mariadb/-/mariadb-3.0.0.tgz"
    "version" "3.0.0"
    dependencies:
      "@alloc/quick-lru" "^5.2.0"
      "@types/geojson" "^7946.0.8"
      "@types/node" "^17.0.10"
      "denque" "^2.0.1"
      "iconv-lite" "^0.6.3"
      "moment-timezone" "^0.5.34"
      "please-upgrade-node" "^3.2.0"
  
  "media-typer@0.3.0":
    "integrity" "sha1-hxDXrwqmJvj/+hzgAWhUUmMlV0g="
    "resolved" "https://registry.npmjs.org/media-typer/-/media-typer-0.3.0.tgz"
    "version" "0.3.0"
  
  "memoizee@^0.4.15":
    "integrity" "sha512-UBWmJpLZd5STPm7PMUlOw/TSy972M+z8gcyQ5veOnSDRREz/0bmpyTfKt3/51DhEBqCZQn1udM/5flcSPYhkdQ=="
    "resolved" "https://registry.npmjs.org/memoizee/-/memoizee-0.4.15.tgz"
    "version" "0.4.15"
    dependencies:
      "d" "^1.0.1"
      "es5-ext" "^0.10.53"
      "es6-weak-map" "^2.0.3"
      "event-emitter" "^0.3.5"
      "is-promise" "^2.2.2"
      "lru-queue" "^0.1.0"
      "next-tick" "^1.1.0"
      "timers-ext" "^0.1.7"
  
  "merge-descriptors@1.0.1":
    "integrity" "sha1-sAqqVW3YtEVoFQ7J0blT8/kMu2E="
    "resolved" "https://registry.npmjs.org/merge-descriptors/-/merge-descriptors-1.0.1.tgz"
    "version" "1.0.1"
  
  "methods@~1.1.2":
    "integrity" "sha1-VSmk1nZUE07cxSZmVoNbD4Ua/O4="
    "resolved" "https://registry.npmjs.org/methods/-/methods-1.1.2.tgz"
    "version" "1.1.2"
  
  "mime-db@1.52.0":
    "integrity" "sha512-sPU4uV7dYlvtWJxwwxHD0PuihVNiE7TyAbQ5SWxDCB9mUYvOgroQOwYQQOKPJ8CIbE+1ETVlOoK1UC2nU3gYvg=="
    "resolved" "https://registry.npmjs.org/mime-db/-/mime-db-1.52.0.tgz"
    "version" "1.52.0"
  
  "mime-types@~2.1.24", "mime-types@~2.1.34":
    "integrity" "sha512-ZDY+bPm5zTTF+YpCrAU9nK0UgICYPT0QtT1NZWFv4s++TNkcgVaT0g6+4R2uI4MjQjzysHB1zxuWL50hzaeXiw=="
    "resolved" "https://registry.npmjs.org/mime-types/-/mime-types-2.1.35.tgz"
    "version" "2.1.35"
    dependencies:
      "mime-db" "1.52.0"
  
  "mime@1.4.1":
    "integrity" "sha512-KI1+qOZu5DcW6wayYHSzR/tXKCDC5Om4s1z2QJjDULzLcmf3DvzS7oluY4HCTrc+9FiKmWUgeNLg7W3uIQvxtQ=="
    "resolved" "https://registry.npmjs.org/mime/-/mime-1.4.1.tgz"
    "version" "1.4.1"
  
  "minimatch@^3.0.4", "minimatch@^3.1.1":
    "integrity" "sha512-J7p63hRiAjw1NDEww1W7i37+ByIrOWO5XQQAzZ3VOcL0PNybwpfmV/N05zFAzwQ9USyEcX6t3UO+K5aqBQOIHw=="
    "resolved" "https://registry.npmjs.org/minimatch/-/minimatch-3.1.2.tgz"
    "version" "3.1.2"
    dependencies:
      "brace-expansion" "^1.1.7"
  
  "minimist@^1.2.6":
    "integrity" "sha512-Jsjnk4bw3YJqYzbdyBiNsPWHPfO++UGG749Cxs6peCu5Xg4nrena6OVxOYxrQTqww0Jmwt+Ref8rggumkTLz9Q=="
    "resolved" "https://registry.npmjs.org/minimist/-/minimist-1.2.6.tgz"
    "version" "1.2.6"
  
  "mkdirp@~0.5.0":
    "integrity" "sha512-FP+p8RB8OWpF3YZBCrP5gtADmtXApB5AMLn+vdyA+PyxCjrCs00mjyUozssO33cwDeT3wNGdLxJ5M//YqtHAJw=="
    "resolved" "https://registry.npmjs.org/mkdirp/-/mkdirp-0.5.6.tgz"
    "version" "0.5.6"
    dependencies:
      "minimist" "^1.2.6"
  
  "moment-timezone@^0.5.34":
    "integrity" "sha512-3zAEHh2hKUs3EXLESx/wsgw6IQdusOT8Bxm3D9UrHPQR7zlMmzwybC8zHEM1tQ4LJwP7fcxrWr8tuBg05fFCbg=="
    "resolved" "https://registry.npmjs.org/moment-timezone/-/moment-timezone-0.5.34.tgz"
    "version" "0.5.34"
    dependencies:
      "moment" ">= 2.9.0"
  
  "moment@^2.29.1", "moment@>= 2.9.0":
    "integrity" "sha512-c6YRvhEo//6T2Jz/vVtYzqBzwvPT95JBQ+smCytzf7c50oMZRsR/a4w88aD34I+/QVSfnoAnSBFPJHItlOMJVw=="
    "resolved" "https://registry.npmjs.org/moment/-/moment-2.29.3.tgz"
    "version" "2.29.3"
  
  "morgan@^1.10.0":
    "integrity" "sha512-AbegBVI4sh6El+1gNwvD5YIck7nSA36weD7xvIxG4in80j/UoK8AEGaWnnz8v1GxonMCltmlNs5ZKbGvl9b1XQ=="
    "resolved" "https://registry.npmjs.org/morgan/-/morgan-1.10.0.tgz"
    "version" "1.10.0"
    dependencies:
      "basic-auth" "~2.0.1"
      "debug" "2.6.9"
      "depd" "~2.0.0"
      "on-finished" "~2.3.0"
      "on-headers" "~1.0.2"
  
  "ms@^2.1.1":
    "integrity" "sha512-6FlzubTLZG3J2a/NVCAleEhjzq5oxgHyaCU9yYXvcLsvoVaHJq/s5xXI6/XXP6tz7R9xAOtHnSO/tXtF3WRTlA=="
    "resolved" "https://registry.npmjs.org/ms/-/ms-2.1.3.tgz"
    "version" "2.1.3"
  
  "ms@2.0.0":
    "integrity" "sha1-VgiurfwAvmwpAd9fmGF4jeDVl8g="
    "resolved" "https://registry.npmjs.org/ms/-/ms-2.0.0.tgz"
    "version" "2.0.0"
  
  "ms@2.1.2":
    "integrity" "sha512-sGkPx+VjMtmA6MX27oA4FBFELFCZZ4S4XqeGOXCv68tT+jb3vk/RyaKWP0PTKyWtmLSM0b+adUTEvbs1PEaH2w=="
    "resolved" "https://registry.npmjs.org/ms/-/ms-2.1.2.tgz"
    "version" "2.1.2"
  
  "mysql2@^2.3.3":
    "integrity" "sha512-wxJUev6LgMSgACDkb/InIFxDprRa6T95+VEoR+xPvtngtccNH2dGjEB/fVZ8yg1gWv1510c9CvXuJHi5zUm0ZA=="
    "resolved" "https://registry.npmjs.org/mysql2/-/mysql2-2.3.3.tgz"
    "version" "2.3.3"
    dependencies:
      "denque" "^2.0.1"
      "generate-function" "^2.3.1"
      "iconv-lite" "^0.6.3"
      "long" "^4.0.0"
      "lru-cache" "^6.0.0"
      "named-placeholders" "^1.1.2"
      "seq-queue" "^0.0.5"
      "sqlstring" "^2.3.2"
  
  "named-placeholders@^1.1.2":
    "integrity" "sha512-wiFWqxoLL3PGVReSZpjLVxyJ1bRqe+KKJVbr4hGs1KWfTZTQyezHFBbuKj9hsizHyGV2ne7EMjHdxEGAybD5SA=="
    "resolved" "https://registry.npmjs.org/named-placeholders/-/named-placeholders-1.1.2.tgz"
    "version" "1.1.2"
    dependencies:
      "lru-cache" "^4.1.3"
  
  "nanoid@^3.3.4":
    "integrity" "sha512-MqBkQh/OHTS2egovRtLk45wEyNXwF+cokD+1YPf9u5VfJiRdAiRwB2froX5Co9Rh20xs4siNPm8naNotSD6RBw=="
    "resolved" "https://registry.npmjs.org/nanoid/-/nanoid-3.3.4.tgz"
    "version" "3.3.4"
  
  "negotiator@0.6.3":
    "integrity" "sha512-+EUsqGPLsM+j/zdChZjsnX51g4XrHFOIXwfnCVPGlQk/k5giakcKsuxCObBRu6DSm9opw/O6slWbJdghQM4bBg=="
    "resolved" "https://registry.npmjs.org/negotiator/-/negotiator-0.6.3.tgz"
    "version" "0.6.3"
  
  "next-tick@^1.1.0", "next-tick@1":
    "integrity" "sha512-CXdUiJembsNjuToQvxayPZF9Vqht7hewsvy2sOWafLvi2awflj9mOC6bHIg50orX8IJvWKY9wYQ/zB2kogPslQ=="
    "resolved" "https://registry.npmjs.org/next-tick/-/next-tick-1.1.0.tgz"
    "version" "1.1.0"
  
  "nopt@^5.0.0":
    "integrity" "sha512-Tbj67rffqceeLpcRXrT7vKAN8CwfPeIBgM7E6iBkmKLV7bEMwpGgYLGv0jACUsECaa/vuxP0IjEont6umdMgtQ=="
    "resolved" "https://registry.npmjs.org/nopt/-/nopt-5.0.0.tgz"
    "version" "5.0.0"
    dependencies:
      "abbrev" "1"
  
  "object-assign@^4":
    "integrity" "sha1-IQmtx5ZYh8/AXLvUQsrIv7s2CGM="
    "resolved" "https://registry.npmjs.org/object-assign/-/object-assign-4.1.1.tgz"
    "version" "4.1.1"
  
  "on-finished@~2.3.0":
    "integrity" "sha1-IPEzZIGwg811M3mSoWlxqi2QaUc="
    "resolved" "https://registry.npmjs.org/on-finished/-/on-finished-2.3.0.tgz"
    "version" "2.3.0"
    dependencies:
      "ee-first" "1.1.1"
  
  "on-headers@~1.0.2":
    "integrity" "sha512-pZAE+FJLoyITytdqK0U5s+FIpjN0JP3OzFi/u8Rx+EV5/W+JTWGXG8xFzevE7AjBfDqHv/8vL8qQsIhHnqRkrA=="
    "resolved" "https://registry.npmjs.org/on-headers/-/on-headers-1.0.2.tgz"
    "version" "1.0.2"
  
  "once@^1.3.0":
    "integrity" "sha1-WDsap3WWHUsROsF9nFC6753Xa9E="
    "resolved" "https://registry.npmjs.org/once/-/once-1.4.0.tgz"
    "version" "1.4.0"
    dependencies:
      "wrappy" "1"
  
  "openapi-types@>=7":
    "integrity" "sha512-P2pGRlHFXgP8z6vrp5P/MtftOXYtlIY1A+V0VmioOoo85NN6RSPgGbEprRAUNMIsbfRjnCPdx/r8mi8QRR7grQ=="
    "resolved" "https://registry.npmjs.org/openapi-types/-/openapi-types-11.0.1.tgz"
    "version" "11.0.1"
  
  "optimist@~0.3.5":
    "integrity" "sha1-yQlBrVnkJzMokjB00s8ufLxuwNk="
    "resolved" "https://registry.npmjs.org/optimist/-/optimist-0.3.7.tgz"
    "version" "0.3.7"
    dependencies:
      "wordwrap" "~0.0.2"
  
  "parseurl@~1.3.2":
    "integrity" "sha512-CiyeOxFT/JZyN5m0z9PfXw4SCBJ6Sygz1Dpl0wqjlhDEGGBP1GnsUVEL0p63hoG1fcj3fHynXi9NYO4nWOL+qQ=="
    "resolved" "https://registry.npmjs.org/parseurl/-/parseurl-1.3.3.tgz"
    "version" "1.3.3"
  
  "path-is-absolute@^1.0.0":
    "integrity" "sha1-F0uSaHNVNP+8es5r9TpanhtcX18="
    "resolved" "https://registry.npmjs.org/path-is-absolute/-/path-is-absolute-1.0.1.tgz"
    "version" "1.0.1"
  
  "path-parse@^1.0.7":
    "integrity" "sha512-LDJzPVEEEPR+y48z93A0Ed0yXb8pAByGWo/k5YYdYgpY2/2EsOsksJrq7lOHxryrVOn1ejG6oAp8ahvOIQD8sw=="
    "resolved" "https://registry.npmjs.org/path-parse/-/path-parse-1.0.7.tgz"
    "version" "1.0.7"
  
  "path-to-regexp@0.1.7":
    "integrity" "sha1-32BBeABfUi8V60SQ5yR6G/qmf4w="
    "resolved" "https://registry.npmjs.org/path-to-regexp/-/path-to-regexp-0.1.7.tgz"
    "version" "0.1.7"
  
  "path@^0.12.7":
    "integrity" "sha1-1NwqUGxM4hl+tIHr/NWzbAFAsQ8="
    "resolved" "https://registry.npmjs.org/path/-/path-0.12.7.tgz"
    "version" "0.12.7"
    dependencies:
      "process" "^0.11.1"
      "util" "^0.10.3"
  
  "pg-connection-string@^2.5.0":
    "integrity" "sha512-r5o/V/ORTA6TmUnyWZR9nCj1klXCO2CEKNRlVuJptZe85QuhFayC7WeMic7ndayT5IRIR0S0xFxFi2ousartlQ=="
    "resolved" "https://registry.npmjs.org/pg-connection-string/-/pg-connection-string-2.5.0.tgz"
    "version" "2.5.0"
  
  "please-upgrade-node@^3.2.0":
    "integrity" "sha512-gQR3WpIgNIKwBMVLkpMUeR3e1/E1y42bqDQZfql+kDeXd8COYfM8PQA4X6y7a8u9Ua9FHmsrrmirW2vHs45hWg=="
    "resolved" "https://registry.npmjs.org/please-upgrade-node/-/please-upgrade-node-3.2.0.tgz"
    "version" "3.2.0"
    dependencies:
      "semver-compare" "^1.0.0"
  
  "process@^0.11.1":
    "integrity" "sha1-czIwDoQBYb2j5podHZGn1LwW8YI="
    "resolved" "https://registry.npmjs.org/process/-/process-0.11.10.tgz"
    "version" "0.11.10"
  
  "promise@^6.0.1":
    "integrity" "sha1-LOcp9rlLRcJoka0GAsXJDgTG7vY="
    "resolved" "https://registry.npmjs.org/promise/-/promise-6.1.0.tgz"
    "version" "6.1.0"
    dependencies:
      "asap" "~1.0.0"
  
  "promise@~2.0":
    "integrity" "sha1-RmSKqdYFr10ucMMCS/WUNtoCuA4="
    "resolved" "https://registry.npmjs.org/promise/-/promise-2.0.0.tgz"
    "version" "2.0.0"
    dependencies:
      "is-promise" "~1"
  
  "proto-list@~1.2.1":
    "integrity" "sha1-IS1b/hMYMGpCD2QCuOJv85ZHqEk="
    "resolved" "https://registry.npmjs.org/proto-list/-/proto-list-1.2.4.tgz"
    "version" "1.2.4"
  
  "proxy-addr@~2.0.4":
    "integrity" "sha512-llQsMLSUDUPT44jdrU/O37qlnifitDP+ZwrmmZcoSKyLKvtZxpyV0n2/bD/N4tBAAZ/gJEdZU7KMraoK1+XYAg=="
    "resolved" "https://registry.npmjs.org/proxy-addr/-/proxy-addr-2.0.7.tgz"
    "version" "2.0.7"
    dependencies:
      "forwarded" "0.2.0"
      "ipaddr.js" "1.9.1"
  
  "pseudomap@^1.0.2":
    "integrity" "sha1-8FKijacOYYkX7wqKw0wa5aaChrM="
    "resolved" "https://registry.npmjs.org/pseudomap/-/pseudomap-1.0.2.tgz"
    "version" "1.0.2"
  
  "qs@6.5.2":
    "integrity" "sha512-N5ZAX4/LxJmF+7wN74pUD6qAh9/wnvdQcjq9TZjevvXzSUo7bfmw91saqMjzGS2xq91/odN2dW/WOl7qQHNDGA=="
    "resolved" "https://registry.npmjs.org/qs/-/qs-6.5.2.tgz"
    "version" "6.5.2"
  
  "range-parser@~1.2.0":
    "integrity" "sha512-Hrgsx+orqoygnmhFbKaHE6c296J+HTAQXoxEF6gNupROmmGJRoyzfG3ccAveqCBrwr/2yxQ5BVd/GTl5agOwSg=="
    "resolved" "https://registry.npmjs.org/range-parser/-/range-parser-1.2.1.tgz"
    "version" "1.2.1"
  
  "raw-body@2.3.3":
    "integrity" "sha512-9esiElv1BrZoI3rCDuOuKCBRbuApGGaDPQfjSflGxdy4oyzqghxu6klEkkVIvBje+FF0BX9coEv8KqW6X/7njw=="
    "resolved" "https://registry.npmjs.org/raw-body/-/raw-body-2.3.3.tgz"
    "version" "2.3.3"
    dependencies:
      "bytes" "3.0.0"
      "http-errors" "1.6.3"
      "iconv-lite" "0.4.23"
      "unpipe" "1.0.0"
  
  "repeat-string@^1.5.2":
    "integrity" "sha1-jcrkcOHIirwtYA//Sndihtp15jc="
    "resolved" "https://registry.npmjs.org/repeat-string/-/repeat-string-1.6.1.tgz"
    "version" "1.6.1"
  
  "require-directory@^2.1.1":
    "integrity" "sha1-jGStX9MNqxyXbiNE/+f3kqam30I="
    "resolved" "https://registry.npmjs.org/require-directory/-/require-directory-2.1.1.tgz"
    "version" "2.1.1"
  
  "resolve@^1.20.0":
    "integrity" "sha512-Hhtrw0nLeSrFQ7phPp4OOcVjLPIeMnRlr5mcnVuMe7M/7eBn98A3hmFRLoFo3DLZkivSYwhRUJTyPyWAk56WLw=="
    "resolved" "https://registry.npmjs.org/resolve/-/resolve-1.22.0.tgz"
    "version" "1.22.0"
    dependencies:
      "is-core-module" "^2.8.1"
      "path-parse" "^1.0.7"
      "supports-preserve-symlinks-flag" "^1.0.0"
  
  "retry-as-promised@^5.0.0":
    "integrity" "sha512-6S+5LvtTl2ggBumk04hBo/4Uf6fRJUwIgunGZ7CYEBCeufGFW1Pu6ucUf/UskHeWOIsUcLOGLFXPig5tR5V1nA=="
    "resolved" "https://registry.npmjs.org/retry-as-promised/-/retry-as-promised-5.0.0.tgz"
    "version" "5.0.0"
  
  "right-align@^0.1.1":
    "integrity" "sha1-YTObci/mo1FWiSENJOFMlhSGE+8="
    "resolved" "https://registry.npmjs.org/right-align/-/right-align-0.1.3.tgz"
    "version" "0.1.3"
    dependencies:
      "align-text" "^0.1.1"
  
  "safe-buffer@^5.0.1", "safe-buffer@5.1.2":
    "integrity" "sha512-Gd2UZBJDkXlY7GbJxfsE8/nvKkUEU1G38c1siN6QP6a9PT9MmHB8GnpscSmMJSoF8LOIrt8ud/wPtojys4G6+g=="
    "resolved" "https://registry.npmjs.org/safe-buffer/-/safe-buffer-5.1.2.tgz"
    "version" "5.1.2"
  
  "safer-buffer@>= 2.1.2 < 3", "safer-buffer@>= 2.1.2 < 3.0.0":
    "integrity" "sha512-YZo3K82SD7Riyi0E1EQPojLz7kpepnSQI9IyPbHHg1XXXevb5dJI7tpyN2ADxGcQbHG7vcyRHk0cbwqcQriUtg=="
    "resolved" "https://registry.npmjs.org/safer-buffer/-/safer-buffer-2.1.2.tgz"
    "version" "2.1.2"
  
  "semver-compare@^1.0.0":
    "integrity" "sha1-De4hahyUGrN+nvsXiPavxf9VN/w="
    "resolved" "https://registry.npmjs.org/semver-compare/-/semver-compare-1.0.0.tgz"
    "version" "1.0.0"
  
  "semver@^5.6.0":
    "integrity" "sha512-sauaDf/PZdVgrLTNYHRtpXa1iRiKcaebiKQ1BJdpQlWH2lCvexQdX55snPFyK7QzpudqbCI0qXFfOasHdyNDGQ=="
    "resolved" "https://registry.npmjs.org/semver/-/semver-5.7.1.tgz"
    "version" "5.7.1"
  
  "semver@^7.3.5":
    "integrity" "sha512-QlYTucUYOews+WeEujDoEGziz4K6c47V/Bd+LjSSYcA94p+DmINdf7ncaUinThfvZyu13lN9OY1XDxt8C0Tw0g=="
    "resolved" "https://registry.npmjs.org/semver/-/semver-7.3.7.tgz"
    "version" "7.3.7"
    dependencies:
      "lru-cache" "^6.0.0"
  
  "send@0.16.2":
    "integrity" "sha512-E64YFPUssFHEFBvpbbjr44NCLtI1AohxQ8ZSiJjQLskAdKuriYEP6VyGEsRDH8ScozGpkaX1BGvhanqCwkcEZw=="
    "resolved" "https://registry.npmjs.org/send/-/send-0.16.2.tgz"
    "version" "0.16.2"
    dependencies:
      "debug" "2.6.9"
      "depd" "~1.1.2"
      "destroy" "~1.0.4"
      "encodeurl" "~1.0.2"
      "escape-html" "~1.0.3"
      "etag" "~1.8.1"
      "fresh" "0.5.2"
      "http-errors" "~1.6.2"
      "mime" "1.4.1"
      "ms" "2.0.0"
      "on-finished" "~2.3.0"
      "range-parser" "~1.2.0"
      "statuses" "~1.4.0"
  
  "seq-queue@^0.0.5":
    "integrity" "sha1-1WgS4cAXpuTnw+Ojeh2m143TyT4="
    "resolved" "https://registry.npmjs.org/seq-queue/-/seq-queue-0.0.5.tgz"
    "version" "0.0.5"
  
  "sequelize-cli@^6.4.1":
    "integrity" "sha512-gIzzFitUGUErq6DYd1JDnsmx7z7XcxzRNe4Py3AqeaxcyjpCAZU2BQnsNPGPMKAaXfMtKi/d9Tu4MtLrehVzIQ=="
    "resolved" "https://registry.npmjs.org/sequelize-cli/-/sequelize-cli-6.4.1.tgz"
    "version" "6.4.1"
    dependencies:
      "cli-color" "^2.0.1"
      "fs-extra" "^9.1.0"
      "js-beautify" "^1.14.0"
      "lodash" "^4.17.21"
      "resolve" "^1.20.0"
      "umzug" "^2.3.0"
      "yargs" "^16.2.0"
  
  "sequelize-pool@^7.1.0":
    "integrity" "sha512-G9c0qlIWQSK29pR/5U2JF5dDQeqqHRragoyahj/Nx4KOOQ3CPPfzxnfqFPCSB7x5UgjOgnZ61nSxz+fjDpRlJg=="
    "resolved" "https://registry.npmjs.org/sequelize-pool/-/sequelize-pool-7.1.0.tgz"
    "version" "7.1.0"
  
  "sequelize@^6.20.0":
    "integrity" "sha512-45B+k4eKP0D+x1F08dSYnZjlKGvlxM/FCVTWQ6TLVaGCyRv/TmvTRSZ4bTNB5pMgQOMkJUlztg5zSvMmkzaWCA=="
    "resolved" "https://registry.npmjs.org/sequelize/-/sequelize-6.20.0.tgz"
    "version" "6.20.0"
    dependencies:
      "@types/debug" "^4.1.7"
      "@types/validator" "^13.7.1"
      "debug" "^4.3.3"
      "dottie" "^2.0.2"
      "inflection" "^1.13.2"
      "lodash" "^4.17.21"
      "moment" "^2.29.1"
      "moment-timezone" "^0.5.34"
      "pg-connection-string" "^2.5.0"
      "retry-as-promised" "^5.0.0"
      "semver" "^7.3.5"
      "sequelize-pool" "^7.1.0"
      "toposort-class" "^1.0.1"
      "uuid" "^8.3.2"
      "validator" "^13.7.0"
      "wkx" "^0.5.0"
  
  "serve-static@1.13.2":
    "integrity" "sha512-p/tdJrO4U387R9oMjb1oj7qSMaMfmOyd4j9hOFoxZe2baQszgHcSWjuya/CiT5kgZZKRudHNOA0pYXOl8rQ5nw=="
    "resolved" "https://registry.npmjs.org/serve-static/-/serve-static-1.13.2.tgz"
    "version" "1.13.2"
    dependencies:
      "encodeurl" "~1.0.2"
      "escape-html" "~1.0.3"
      "parseurl" "~1.3.2"
      "send" "0.16.2"
  
  "setprototypeof@1.1.0":
    "integrity" "sha512-BvE/TwpZX4FXExxOxZyRGQQv651MSwmWKZGqvmPcRIjDqWub67kTKuIMx43cZZrS/cBBzwBcNDWoFxt2XEFIpQ=="
    "resolved" "https://registry.npmjs.org/setprototypeof/-/setprototypeof-1.1.0.tgz"
    "version" "1.1.0"
  
  "sigmund@^1.0.1":
    "integrity" "sha1-P/IfGYytIXX587eBhT/ZTQ0ZtZA="
    "resolved" "https://registry.npmjs.org/sigmund/-/sigmund-1.0.1.tgz"
    "version" "1.0.1"
  
  "source-map@~0.1.7":
    "integrity" "sha1-wkvBRspRfBRx9drL4lcbK3+eM0Y="
    "resolved" "https://registry.npmjs.org/source-map/-/source-map-0.1.43.tgz"
    "version" "0.1.43"
    dependencies:
      "amdefine" ">=0.0.4"
  
  "source-map@~0.5.1":
    "integrity" "sha1-igOdLRAh0i0eoUyA2OpGi6LvP8w="
    "resolved" "https://registry.npmjs.org/source-map/-/source-map-0.5.7.tgz"
    "version" "0.5.7"
  
  "source-map@0.4.x":
    "integrity" "sha1-66T12pwNyZneaAMti092FzZSA2s="
    "resolved" "https://registry.npmjs.org/source-map/-/source-map-0.4.4.tgz"
    "version" "0.4.4"
    dependencies:
      "amdefine" ">=0.0.4"
  
  "sqlstring@^2.3.2":
    "integrity" "sha512-qC9iz2FlN7DQl3+wjwn3802RTyjCx7sDvfQEXchwa6CWOx07/WVfh91gBmQ9fahw8snwGEWU3xGzOt4tFyHLxg=="
    "resolved" "https://registry.npmjs.org/sqlstring/-/sqlstring-2.3.3.tgz"
    "version" "2.3.3"
  
  "statuses@>= 1.4.0 < 2", "statuses@~1.4.0":
    "integrity" "sha512-zhSCtt8v2NDrRlPQpCNtw/heZLtfUDqxBM1udqikb/Hbk52LK4nQSwr10u77iopCW5LsyHpuXS0GnEc48mLeew=="
    "resolved" "https://registry.npmjs.org/statuses/-/statuses-1.4.0.tgz"
    "version" "1.4.0"
  
  "steno@^2.1.0":
    "integrity" "sha512-mauOsiaqTNGFkWqIfwcm3y/fq+qKKaIWf1vf3ocOuTdco9XoHCO2AGF1gFYXuZFSWuP38Q8LBHBGJv2KnJSXyA=="
    "resolved" "https://registry.npmjs.org/steno/-/steno-2.1.0.tgz"
    "version" "2.1.0"
  
  "string-width@^4.1.0", "string-width@^4.2.0":
    "integrity" "sha512-wKyQRQpjJ0sIp62ErSZdGsjMJWsap5oRNihHhu6G7JVO/9jIB6UyevL+tXuOqrng8j/cxKTWyWUwvSTriiZz/g=="
    "resolved" "https://registry.npmjs.org/string-width/-/string-width-4.2.3.tgz"
    "version" "4.2.3"
    dependencies:
      "emoji-regex" "^8.0.0"
      "is-fullwidth-code-point" "^3.0.0"
      "strip-ansi" "^6.0.1"
  
  "strip-ansi@^6.0.0", "strip-ansi@^6.0.1":
    "integrity" "sha512-Y38VPSHcqkFrCpFnQ9vuSXmquuv5oXOKpGeT6aGrr3o3Gc9AlVa6JBfUSOCnbxGGZF+/0ooI7KrPuUSztUdU5A=="
    "resolved" "https://registry.npmjs.org/strip-ansi/-/strip-ansi-6.0.1.tgz"
    "version" "6.0.1"
    dependencies:
      "ansi-regex" "^5.0.1"
  
  "supports-preserve-symlinks-flag@^1.0.0":
    "integrity" "sha512-ot0WnXS9fgdkgIcePe6RHNk1WA8+muPa6cSjeR3V8K27q9BB1rTE3R1p7Hv0z1ZyAc8s6Vvv8DIyWf681MAt0w=="
    "resolved" "https://registry.npmjs.org/supports-preserve-symlinks-flag/-/supports-preserve-symlinks-flag-1.0.0.tgz"
    "version" "1.0.0"
  
  "swagger-jsdoc@^6.2.1":
    "integrity" "sha512-l2BwFf7wzNPb11+NRRy65X+kuHUGLb3ZuGFn6A8xDXXTu73YzJmCiy+LED/6QsOgPBPgO3u3sDEz6KuOHAlCtA=="
    "resolved" "https://registry.npmjs.org/swagger-jsdoc/-/swagger-jsdoc-6.2.1.tgz"
    "version" "6.2.1"
    dependencies:
      "commander" "6.2.0"
      "doctrine" "3.0.0"
      "glob" "7.1.6"
      "lodash.mergewith" "^4.6.2"
      "swagger-parser" "10.0.2"
      "yaml" "2.0.0-1"
  
  "swagger-parser@10.0.2":
    "integrity" "sha512-9jHkHM+QXyLGFLk1DkXBwV+4HyNm0Za3b8/zk/+mjr8jgOSiqm3FOTHBSDsBjtn9scdL+8eWcHdupp2NLM8tDw=="
    "resolved" "https://registry.npmjs.org/swagger-parser/-/swagger-parser-10.0.2.tgz"
    "version" "10.0.2"
    dependencies:
      "@apidevtools/swagger-parser" "10.0.2"
  
  "swagger-ui-dist@>=4.11.0":
    "integrity" "sha512-pf3kfSTYdF9mYFY2VnfJ51wnXlSVhEGdtymhpHzfbFw2jTbiEWgBoVz5EB9aW2EaJvUGTM1YHAXYZX7Jk4RdAQ=="
    "resolved" "https://registry.npmjs.org/swagger-ui-dist/-/swagger-ui-dist-4.11.1.tgz"
    "version" "4.11.1"
  
  "swagger-ui-express@^4.4.0":
    "integrity" "sha512-1CzRkHG386VQMVZK406jcpgnW2a9A5A/NiAjKhsFTQqUBWRF+uGbXTU/mA7WSV3mTzyOQDvjBdWP/c2qd5lqKw=="
    "resolved" "https://registry.npmjs.org/swagger-ui-express/-/swagger-ui-express-4.4.0.tgz"
    "version" "4.4.0"
    dependencies:
      "swagger-ui-dist" ">=4.11.0"
  
  "timers-ext@^0.1.7":
    "integrity" "sha512-b85NUNzTSdodShTIbky6ZF02e8STtVVfD+fu4aXXShEELpozH+bCpJLYMPZbsABN2wDH7fJpqIoXxJpzbf0NqQ=="
    "resolved" "https://registry.npmjs.org/timers-ext/-/timers-ext-0.1.7.tgz"
    "version" "0.1.7"
    dependencies:
      "es5-ext" "~0.10.46"
      "next-tick" "1"
  
  "toposort-class@^1.0.1":
    "integrity" "sha1-f/0feMi+KMO6Rc1OGj9e4ZO9mYg="
    "resolved" "https://registry.npmjs.org/toposort-class/-/toposort-class-1.0.1.tgz"
    "version" "1.0.1"
  
  "transformers@2.1.0":
    "integrity" "sha1-XSPLNVYd2F3Gf7hIIwm0fVPM6ac="
    "resolved" "https://registry.npmjs.org/transformers/-/transformers-2.1.0.tgz"
    "version" "2.1.0"
    dependencies:
      "css" "~1.0.8"
      "promise" "~2.0"
      "uglify-js" "~2.2.5"
  
  "type-is@~1.6.16":
    "integrity" "sha512-TkRKr9sUTxEH8MdfuCSP7VizJyzRNMjj2J2do2Jr3Kym598JVdEksuzPQCnlFPW4ky9Q+iA+ma9BGm06XQBy8g=="
    "resolved" "https://registry.npmjs.org/type-is/-/type-is-1.6.18.tgz"
    "version" "1.6.18"
    dependencies:
      "media-typer" "0.3.0"
      "mime-types" "~2.1.24"
  
  "type@^1.0.1":
    "integrity" "sha512-+5nt5AAniqsCnu2cEQQdpzCAh33kVx8n0VoFidKpB1dVVLAN/F+bgVOqOJqOnEnrhp222clB5p3vUlD+1QAnfg=="
    "resolved" "https://registry.npmjs.org/type/-/type-1.2.0.tgz"
    "version" "1.2.0"
  
  "type@^2.5.0":
    "integrity" "sha512-eiDBDOmkih5pMbo9OqsqPRGMljLodLcwd5XD5JbtNB0o89xZAwynY9EdCDsJU7LtcVCClu9DvM7/0Ep1hYX3EQ=="
    "resolved" "https://registry.npmjs.org/type/-/type-2.6.0.tgz"
    "version" "2.6.0"
  
  "uglify-js@^2.4.19":
    "integrity" "sha1-KcVzMUgFe7Th913zW3qcty5qWd0="
    "resolved" "https://registry.npmjs.org/uglify-js/-/uglify-js-2.8.29.tgz"
    "version" "2.8.29"
    dependencies:
      "source-map" "~0.5.1"
      "yargs" "~3.10.0"
    optionalDependencies:
      "uglify-to-browserify" "~1.0.0"
  
  "uglify-js@~2.2.5":
    "integrity" "sha1-puAqcNg5eSuXgEiLe4sYTAlcmcc="
    "resolved" "https://registry.npmjs.org/uglify-js/-/uglify-js-2.2.5.tgz"
    "version" "2.2.5"
    dependencies:
      "optimist" "~0.3.5"
      "source-map" "~0.1.7"
  
  "uglify-to-browserify@~1.0.0":
    "integrity" "sha1-bgkk1r2mta/jSeOabWMoUKD4grc="
    "resolved" "https://registry.npmjs.org/uglify-to-browserify/-/uglify-to-browserify-1.0.2.tgz"
    "version" "1.0.2"
  
  "umzug@^2.3.0":
    "integrity" "sha512-Z274K+e8goZK8QJxmbRPhl89HPO1K+ORFtm6rySPhFKfKc5GHhqdzD0SGhSWHkzoXasqJuItdhorSvY7/Cgflw=="
    "resolved" "https://registry.npmjs.org/umzug/-/umzug-2.3.0.tgz"
    "version" "2.3.0"
    dependencies:
      "bluebird" "^3.7.2"
  
  "universalify@^2.0.0":
    "integrity" "sha512-hAZsKq7Yy11Zu1DE0OzWjw7nnLZmJZYTDZZyEFHZdUhV8FkH5MCfoU1XMaxXovpyW5nq5scPqq0ZDP9Zyl04oQ=="
    "resolved" "https://registry.npmjs.org/universalify/-/universalify-2.0.0.tgz"
    "version" "2.0.0"
  
  "unpipe@~1.0.0", "unpipe@1.0.0":
    "integrity" "sha1-sr9O6FFKrmFltIF4KdIbLvSZBOw="
    "resolved" "https://registry.npmjs.org/unpipe/-/unpipe-1.0.0.tgz"
    "version" "1.0.0"
  
  "util@^0.10.3":
    "integrity" "sha512-0Pm9hTQ3se5ll1XihRic3FDIku70C+iHUdT/W926rSgHV5QgXsYbKZN8MSC3tJtSkhuROzvsQjAaFENRXr+19A=="
    "resolved" "https://registry.npmjs.org/util/-/util-0.10.4.tgz"
    "version" "0.10.4"
    dependencies:
      "inherits" "2.0.3"
  
  "utils-merge@1.0.1":
    "integrity" "sha1-n5VxD1CiZ5R7LMwSR0HBAoQn5xM="
    "resolved" "https://registry.npmjs.org/utils-merge/-/utils-merge-1.0.1.tgz"
    "version" "1.0.1"
  
  "uuid@^8.3.2":
    "integrity" "sha512-+NYs2QeMWy+GWFOEm9xnn6HCDp0l7QBD7ml8zLUmJ+93Q5NF0NocErnwkTkXVFNiX3/fpC6afS8Dhb/gz7R7eg=="
    "resolved" "https://registry.npmjs.org/uuid/-/uuid-8.3.2.tgz"
    "version" "8.3.2"
  
  "validator@^13.6.0", "validator@^13.7.0":
    "integrity" "sha512-nYXQLCBkpJ8X6ltALua9dRrZDHVYxjJ1wgskNt1lH9fzGjs3tgojGSCBjmEPwkWS1y29+DrizMTW19Pr9uB2nw=="
    "resolved" "https://registry.npmjs.org/validator/-/validator-13.7.0.tgz"
    "version" "13.7.0"
  
  "vary@^1", "vary@~1.1.2":
    "integrity" "sha1-IpnwLG3tMNSllhsLn3RSShj2NPw="
    "resolved" "https://registry.npmjs.org/vary/-/vary-1.1.2.tgz"
    "version" "1.1.2"
  
  "void-elements@~2.0.1":
    "integrity" "sha1-wGavtYK7HLQSjWDqkjkulNXp2+w="
    "resolved" "https://registry.npmjs.org/void-elements/-/void-elements-2.0.1.tgz"
    "version" "2.0.1"
  
  "window-size@0.1.0":
    "integrity" "sha1-VDjNLqk7IC76Ohn+iIeu58lPnJ0="
    "resolved" "https://registry.npmjs.org/window-size/-/window-size-0.1.0.tgz"
    "version" "0.1.0"
  
  "with@~4.0.0":
    "integrity" "sha1-7v0VTp550sjTQXtkeo8U2f7M4U4="
    "resolved" "https://registry.npmjs.org/with/-/with-4.0.3.tgz"
    "version" "4.0.3"
    dependencies:
      "acorn" "^1.0.1"
      "acorn-globals" "^1.0.3"
  
  "wkx@^0.5.0":
    "integrity" "sha512-Xng/d4Ichh8uN4l0FToV/258EjMGU9MGcA0HV2d9B/ZpZB3lqQm7nkOdZdm5GhKtLLhAE7PiVQwN4eN+2YJJUg=="
    "resolved" "https://registry.npmjs.org/wkx/-/wkx-0.5.0.tgz"
    "version" "0.5.0"
    dependencies:
      "@types/node" "*"
  
  "wordwrap@~0.0.2", "wordwrap@0.0.2":
    "integrity" "sha1-t5Zpu0LstAn4PVg8rVLKF+qhZD8="
    "resolved" "https://registry.npmjs.org/wordwrap/-/wordwrap-0.0.2.tgz"
    "version" "0.0.2"
  
  "wrap-ansi@^7.0.0":
    "integrity" "sha512-YVGIj2kamLSTxw6NsZjoBxfSwsn0ycdesmc4p+Q21c5zPuZ1pl+NfxVdxPtdHvmNVOQ6XSYG4AUtyt/Fi7D16Q=="
    "resolved" "https://registry.npmjs.org/wrap-ansi/-/wrap-ansi-7.0.0.tgz"
    "version" "7.0.0"
    dependencies:
      "ansi-styles" "^4.0.0"
      "string-width" "^4.1.0"
      "strip-ansi" "^6.0.0"
  
  "wrappy@1":
    "integrity" "sha1-tSQ9jz7BqjXxNkYFvA0QNuMKtp8="
    "resolved" "https://registry.npmjs.org/wrappy/-/wrappy-1.0.2.tgz"
    "version" "1.0.2"
  
  "y18n@^5.0.5":
    "integrity" "sha512-0pfFzegeDWJHJIAmTLRP2DwHjdF5s7jo9tuztdQxAhINCdvS+3nGINqPd00AphqJR/0LhANUS6/+7SCb98YOfA=="
    "resolved" "https://registry.npmjs.org/y18n/-/y18n-5.0.8.tgz"
    "version" "5.0.8"
  
  "yallist@^2.1.2":
    "integrity" "sha1-HBH5IY8HYImkfdUS+TxmmaaoHVI="
    "resolved" "https://registry.npmjs.org/yallist/-/yallist-2.1.2.tgz"
    "version" "2.1.2"
  
  "yallist@^4.0.0":
    "integrity" "sha512-3wdGidZyq5PB084XLES5TpOSRA3wjXAlIWMhum2kRcv/41Sn2emQ0dycQW4uZXLejwKvg6EsvbdlVL+FYEct7A=="
    "resolved" "https://registry.npmjs.org/yallist/-/yallist-4.0.0.tgz"
    "version" "4.0.0"
  
  "yaml@2.0.0-1":
    "integrity" "sha512-W7h5dEhywMKenDJh2iX/LABkbFnBxasD27oyXWDS/feDsxiw0dD5ncXdYXgkvAsXIY2MpW/ZKkr9IU30DBdMNQ=="
    "resolved" "https://registry.npmjs.org/yaml/-/yaml-2.0.0-1.tgz"
    "version" "2.0.0-1"
  
  "yargs-parser@^20.2.2":
    "integrity" "sha512-y11nGElTIV+CT3Zv9t7VKl+Q3hTQoT9a1Qzezhhl6Rp21gJ/IVTW7Z3y9EWXhuUBC2Shnf+DX0antecpAwSP8w=="
    "resolved" "https://registry.npmjs.org/yargs-parser/-/yargs-parser-20.2.9.tgz"
    "version" "20.2.9"
  
  "yargs@^16.2.0":
    "integrity" "sha512-D1mvvtDG0L5ft/jGWkLpG1+m0eQxOfaBvTNELraWj22wSVUMWxZUvYgJYcKh6jGGIkJFhH4IZPQhR4TKpc8mBw=="
    "resolved" "https://registry.npmjs.org/yargs/-/yargs-16.2.0.tgz"
    "version" "16.2.0"
    dependencies:
      "cliui" "^7.0.2"
      "escalade" "^3.1.1"
      "get-caller-file" "^2.0.5"
      "require-directory" "^2.1.1"
      "string-width" "^4.2.0"
      "y18n" "^5.0.5"
      "yargs-parser" "^20.2.2"
  
  "yargs@~3.10.0":
    "integrity" "sha1-9+572FfdfB0tOMDnTvvWgdFDH9E="
    "resolved" "https://registry.npmjs.org/yargs/-/yargs-3.10.0.tgz"
    "version" "3.10.0"
    dependencies:
      "camelcase" "^1.0.2"
      "cliui" "^2.1.0"
      "decamelize" "^1.0.0"
      "window-size" "0.1.0"
  
  "z-schema@^4.2.3":
    "integrity" "sha512-YvBeW5RGNeNzKOUJs3rTL4+9rpcvHXt5I051FJbOcitV8bl40pEfcG0Q+dWSwS0/BIYrMZ/9HHoqLllMkFhD0w=="
    "resolved" "https://registry.npmjs.org/z-schema/-/z-schema-4.2.4.tgz"
    "version" "4.2.4"
    dependencies:
      "lodash.get" "^4.4.2"
      "lodash.isequal" "^4.5.0"
      "validator" "^13.6.0"
    optionalDependencies:
      "commander" "^2.7.1"
